{"/Users/gmuthurakku/Desktop/Assignments/TradePlus/tradepulse-app/src/engines/OrderEngine/index.ts": {"path":"/Users/gmuthurakku/Desktop/Assignments/TradePlus/tradepulse-app/src/engines/OrderEngine/index.ts","statementMap":{"0":{"start":{"line":50,"column":0},"end":{"line":50,"column":47}},"1":{"start":{"line":51,"column":0},"end":{"line":51,"column":47}},"2":{"start":{"line":60,"column":19},"end":{"line":60,"column":48}},"3":{"start":{"line":63,"column":33},"end":{"line":63,"column":35}},"4":{"start":{"line":66,"column":25},"end":{"line":66,"column":57}},"5":{"start":{"line":69,"column":19},"end":{"line":69,"column":20}},"6":{"start":{"line":72,"column":21},"end":{"line":72,"column":38}},"7":{"start":{"line":83,"column":29},"end":{"line":114,"column":1}},"8":{"start":{"line":85,"column":2},"end":{"line":87,"column":3}},"9":{"start":{"line":86,"column":4},"end":{"line":86,"column":59}},"10":{"start":{"line":88,"column":2},"end":{"line":90,"column":3}},"11":{"start":{"line":89,"column":4},"end":{"line":89,"column":71}},"12":{"start":{"line":91,"column":2},"end":{"line":93,"column":3}},"13":{"start":{"line":92,"column":4},"end":{"line":92,"column":90}},"14":{"start":{"line":96,"column":2},"end":{"line":98,"column":3}},"15":{"start":{"line":97,"column":4},"end":{"line":97,"column":65}},"16":{"start":{"line":101,"column":2},"end":{"line":103,"column":3}},"17":{"start":{"line":102,"column":4},"end":{"line":102,"column":76}},"18":{"start":{"line":106,"column":2},"end":{"line":108,"column":3}},"19":{"start":{"line":107,"column":4},"end":{"line":107,"column":75}},"20":{"start":{"line":109,"column":2},"end":{"line":111,"column":3}},"21":{"start":{"line":110,"column":4},"end":{"line":110,"column":81}},"22":{"start":{"line":113,"column":2},"end":{"line":113,"column":27}},"23":{"start":{"line":119,"column":31},"end":{"line":144,"column":1}},"24":{"start":{"line":120,"column":20},"end":{"line":120,"column":46}},"25":{"start":{"line":122,"column":2},"end":{"line":141,"column":3}},"26":{"start":{"line":124,"column":26},"end":{"line":124,"column":59}},"27":{"start":{"line":125,"column":4},"end":{"line":130,"column":5}},"28":{"start":{"line":126,"column":6},"end":{"line":129,"column":8}},"29":{"start":{"line":133,"column":21},"end":{"line":133,"column":54}},"30":{"start":{"line":134,"column":28},"end":{"line":134,"column":49}},"31":{"start":{"line":135,"column":4},"end":{"line":140,"column":5}},"32":{"start":{"line":136,"column":6},"end":{"line":139,"column":8}},"33":{"start":{"line":143,"column":2},"end":{"line":143,"column":27}},"34":{"start":{"line":170,"column":26},"end":{"line":210,"column":1}},"35":{"start":{"line":171,"column":2},"end":{"line":171,"column":55}},"36":{"start":{"line":174,"column":21},"end":{"line":174,"column":50}},"37":{"start":{"line":175,"column":2},"end":{"line":178,"column":3}},"38":{"start":{"line":176,"column":4},"end":{"line":176,"column":72}},"39":{"start":{"line":177,"column":4},"end":{"line":177,"column":16}},"40":{"start":{"line":181,"column":28},"end":{"line":189,"column":4}},"41":{"start":{"line":192,"column":25},"end":{"line":192,"column":54}},"42":{"start":{"line":193,"column":2},"end":{"line":199,"column":3}},"43":{"start":{"line":194,"column":4},"end":{"line":194,"column":86}},"44":{"start":{"line":195,"column":4},"end":{"line":195,"column":28}},"45":{"start":{"line":196,"column":4},"end":{"line":196,"column":39}},"46":{"start":{"line":197,"column":4},"end":{"line":197,"column":29}},"47":{"start":{"line":198,"column":4},"end":{"line":198,"column":16}},"48":{"start":{"line":202,"column":2},"end":{"line":202,"column":36}},"49":{"start":{"line":205,"column":2},"end":{"line":205,"column":34}},"50":{"start":{"line":207,"column":2},"end":{"line":207,"column":131}},"51":{"start":{"line":209,"column":2},"end":{"line":209,"column":15}},"52":{"start":{"line":170,"column":13},"end":{"line":170,"column":26}},"53":{"start":{"line":221,"column":26},"end":{"line":235,"column":1}},"54":{"start":{"line":223,"column":2},"end":{"line":225,"column":3}},"55":{"start":{"line":224,"column":4},"end":{"line":224,"column":11}},"56":{"start":{"line":227,"column":2},"end":{"line":227,"column":74}},"57":{"start":{"line":230,"column":22},"end":{"line":232,"column":4}},"58":{"start":{"line":231,"column":4},"end":{"line":231,"column":41}},"59":{"start":{"line":234,"column":2},"end":{"line":234,"column":46}},"60":{"start":{"line":240,"column":30},"end":{"line":257,"column":1}},"61":{"start":{"line":242,"column":26},"end":{"line":243,"column":null}},"62":{"start":{"line":243,"column":15},"end":{"line":243,"column":68}},"63":{"start":{"line":246,"column":2},"end":{"line":248,"column":3}},"64":{"start":{"line":247,"column":4},"end":{"line":247,"column":11}},"65":{"start":{"line":251,"column":22},"end":{"line":251,"column":52}},"66":{"start":{"line":252,"column":2},"end":{"line":256,"column":3}},"67":{"start":{"line":253,"column":4},"end":{"line":253,"column":80}},"68":{"start":{"line":254,"column":4},"end":{"line":254,"column":18}},"69":{"start":{"line":255,"column":4},"end":{"line":255,"column":38}},"70":{"start":{"line":269,"column":26},"end":{"line":290,"column":1}},"71":{"start":{"line":271,"column":24},"end":{"line":272,"column":null}},"72":{"start":{"line":272,"column":15},"end":{"line":272,"column":68}},"73":{"start":{"line":275,"column":2},"end":{"line":277,"column":3}},"74":{"start":{"line":276,"column":4},"end":{"line":276,"column":11}},"75":{"start":{"line":280,"column":2},"end":{"line":289,"column":3}},"76":{"start":{"line":281,"column":26},"end":{"line":281,"column":65}},"77":{"start":{"line":283,"column":4},"end":{"line":288,"column":5}},"78":{"start":{"line":284,"column":6},"end":{"line":286,"column":8}},"79":{"start":{"line":287,"column":6},"end":{"line":287,"column":37}},"80":{"start":{"line":299,"column":30},"end":{"line":307,"column":1}},"81":{"start":{"line":300,"column":2},"end":{"line":306,"column":3}},"82":{"start":{"line":302,"column":4},"end":{"line":302,"column":47}},"83":{"start":{"line":305,"column":4},"end":{"line":305,"column":47}},"84":{"start":{"line":320,"column":21},"end":{"line":405,"column":1}},"85":{"start":{"line":322,"column":2},"end":{"line":325,"column":3}},"86":{"start":{"line":323,"column":4},"end":{"line":323,"column":70}},"87":{"start":{"line":324,"column":4},"end":{"line":324,"column":11}},"88":{"start":{"line":328,"column":2},"end":{"line":331,"column":3}},"89":{"start":{"line":329,"column":4},"end":{"line":329,"column":94}},"90":{"start":{"line":330,"column":4},"end":{"line":330,"column":11}},"91":{"start":{"line":334,"column":2},"end":{"line":334,"column":31}},"92":{"start":{"line":337,"column":2},"end":{"line":337,"column":29}},"93":{"start":{"line":338,"column":2},"end":{"line":338,"column":33}},"94":{"start":{"line":340,"column":2},"end":{"line":340,"column":62}},"95":{"start":{"line":342,"column":2},"end":{"line":404,"column":3}},"96":{"start":{"line":344,"column":39},"end":{"line":350,"column":6}},"97":{"start":{"line":353,"column":19},"end":{"line":353,"column":57}},"98":{"start":{"line":356,"column":4},"end":{"line":387,"column":5}},"99":{"start":{"line":358,"column":6},"end":{"line":358,"column":30}},"100":{"start":{"line":359,"column":6},"end":{"line":359,"column":34}},"101":{"start":{"line":360,"column":6},"end":{"line":360,"column":55}},"102":{"start":{"line":361,"column":6},"end":{"line":361,"column":47}},"103":{"start":{"line":362,"column":6},"end":{"line":362,"column":38}},"104":{"start":{"line":364,"column":6},"end":{"line":366,"column":8}},"105":{"start":{"line":369,"column":6},"end":{"line":369,"column":36}},"106":{"start":{"line":370,"column":6},"end":{"line":370,"column":31}},"107":{"start":{"line":373,"column":6},"end":{"line":373,"column":42}},"108":{"start":{"line":376,"column":6},"end":{"line":376,"column":30}},"109":{"start":{"line":377,"column":6},"end":{"line":377,"column":61}},"110":{"start":{"line":379,"column":6},"end":{"line":379,"column":86}},"111":{"start":{"line":382,"column":6},"end":{"line":382,"column":36}},"112":{"start":{"line":383,"column":6},"end":{"line":383,"column":31}},"113":{"start":{"line":386,"column":6},"end":{"line":386,"column":42}},"114":{"start":{"line":390,"column":4},"end":{"line":390,"column":28}},"115":{"start":{"line":391,"column":4},"end":{"line":391,"column":85}},"116":{"start":{"line":393,"column":4},"end":{"line":393,"column":77}},"117":{"start":{"line":396,"column":4},"end":{"line":396,"column":34}},"118":{"start":{"line":397,"column":4},"end":{"line":397,"column":29}},"119":{"start":{"line":400,"column":4},"end":{"line":400,"column":40}},"120":{"start":{"line":403,"column":4},"end":{"line":403,"column":36}},"121":{"start":{"line":422,"column":27},"end":{"line":449,"column":1}},"122":{"start":{"line":423,"column":16},"end":{"line":423,"column":41}},"123":{"start":{"line":425,"column":2},"end":{"line":428,"column":3}},"124":{"start":{"line":426,"column":4},"end":{"line":426,"column":61}},"125":{"start":{"line":427,"column":4},"end":{"line":427,"column":17}},"126":{"start":{"line":430,"column":2},"end":{"line":433,"column":3}},"127":{"start":{"line":431,"column":4},"end":{"line":431,"column":92}},"128":{"start":{"line":432,"column":4},"end":{"line":432,"column":17}},"129":{"start":{"line":436,"column":2},"end":{"line":436,"column":29}},"130":{"start":{"line":437,"column":2},"end":{"line":437,"column":33}},"131":{"start":{"line":439,"column":2},"end":{"line":439,"column":58}},"132":{"start":{"line":442,"column":2},"end":{"line":442,"column":31}},"133":{"start":{"line":443,"column":2},"end":{"line":443,"column":27}},"134":{"start":{"line":446,"column":2},"end":{"line":446,"column":38}},"135":{"start":{"line":448,"column":2},"end":{"line":448,"column":14}},"136":{"start":{"line":422,"column":13},"end":{"line":422,"column":27}},"137":{"start":{"line":461,"column":27},"end":{"line":497,"column":1}},"138":{"start":{"line":465,"column":16},"end":{"line":465,"column":41}},"139":{"start":{"line":467,"column":2},"end":{"line":470,"column":3}},"140":{"start":{"line":468,"column":4},"end":{"line":468,"column":61}},"141":{"start":{"line":469,"column":4},"end":{"line":469,"column":17}},"142":{"start":{"line":472,"column":2},"end":{"line":475,"column":3}},"143":{"start":{"line":473,"column":4},"end":{"line":473,"column":92}},"144":{"start":{"line":474,"column":4},"end":{"line":474,"column":17}},"145":{"start":{"line":478,"column":2},"end":{"line":484,"column":3}},"146":{"start":{"line":479,"column":4},"end":{"line":482,"column":5}},"147":{"start":{"line":480,"column":6},"end":{"line":480,"column":57}},"148":{"start":{"line":481,"column":6},"end":{"line":481,"column":19}},"149":{"start":{"line":483,"column":4},"end":{"line":483,"column":42}},"150":{"start":{"line":486,"column":2},"end":{"line":492,"column":3}},"151":{"start":{"line":487,"column":4},"end":{"line":490,"column":5}},"152":{"start":{"line":488,"column":6},"end":{"line":488,"column":54}},"153":{"start":{"line":489,"column":6},"end":{"line":489,"column":19}},"154":{"start":{"line":491,"column":4},"end":{"line":491,"column":38}},"155":{"start":{"line":494,"column":2},"end":{"line":494,"column":67}},"156":{"start":{"line":496,"column":2},"end":{"line":496,"column":14}},"157":{"start":{"line":461,"column":13},"end":{"line":461,"column":27}},"158":{"start":{"line":508,"column":31},"end":{"line":510,"column":1}},"159":{"start":{"line":509,"column":2},"end":{"line":509,"column":58}},"160":{"start":{"line":508,"column":13},"end":{"line":508,"column":31}},"161":{"start":{"line":515,"column":34},"end":{"line":519,"column":1}},"162":{"start":{"line":516,"column":2},"end":{"line":518,"column":4}},"163":{"start":{"line":517,"column":56},"end":{"line":517,"column":79}},"164":{"start":{"line":515,"column":13},"end":{"line":515,"column":34}},"165":{"start":{"line":524,"column":28},"end":{"line":534,"column":1}},"166":{"start":{"line":526,"column":22},"end":{"line":526,"column":47}},"167":{"start":{"line":527,"column":2},"end":{"line":529,"column":3}},"168":{"start":{"line":528,"column":4},"end":{"line":528,"column":23}},"169":{"start":{"line":532,"column":26},"end":{"line":532,"column":76}},"170":{"start":{"line":532,"column":55},"end":{"line":532,"column":75}},"171":{"start":{"line":533,"column":2},"end":{"line":533,"column":33}},"172":{"start":{"line":524,"column":13},"end":{"line":524,"column":28}},"173":{"start":{"line":539,"column":31},"end":{"line":542,"column":1}},"174":{"start":{"line":540,"column":18},"end":{"line":540,"column":45}},"175":{"start":{"line":541,"column":2},"end":{"line":541,"column":66}},"176":{"start":{"line":539,"column":13},"end":{"line":539,"column":31}},"177":{"start":{"line":547,"column":28},"end":{"line":549,"column":1}},"178":{"start":{"line":548,"column":2},"end":{"line":548,"column":80}},"179":{"start":{"line":547,"column":13},"end":{"line":547,"column":28}},"180":{"start":{"line":554,"column":33},"end":{"line":558,"column":1}},"181":{"start":{"line":555,"column":24},"end":{"line":555,"column":92}},"182":{"start":{"line":555,"column":72},"end":{"line":555,"column":91}},"183":{"start":{"line":556,"column":25},"end":{"line":556,"column":72}},"184":{"start":{"line":556,"column":52},"end":{"line":556,"column":71}},"185":{"start":{"line":557,"column":2},"end":{"line":557,"column":62}},"186":{"start":{"line":554,"column":13},"end":{"line":554,"column":33}},"187":{"start":{"line":571,"column":26},"end":{"line":592,"column":1}},"188":{"start":{"line":572,"column":2},"end":{"line":572,"column":71}},"189":{"start":{"line":575,"column":17},"end":{"line":575,"column":94}},"190":{"start":{"line":575,"column":43},"end":{"line":575,"column":93}},"191":{"start":{"line":576,"column":21},"end":{"line":576,"column":98}},"192":{"start":{"line":576,"column":47},"end":{"line":576,"column":97}},"193":{"start":{"line":579,"column":2},"end":{"line":579,"column":23}},"194":{"start":{"line":580,"column":2},"end":{"line":582,"column":5}},"195":{"start":{"line":581,"column":4},"end":{"line":581,"column":38}},"196":{"start":{"line":585,"column":2},"end":{"line":585,"column":28}},"197":{"start":{"line":588,"column":18},"end":{"line":588,"column":54}},"198":{"start":{"line":588,"column":44},"end":{"line":588,"column":52}},"199":{"start":{"line":589,"column":2},"end":{"line":589,"column":57}},"200":{"start":{"line":589,"column":30},"end":{"line":589,"column":55}},"201":{"start":{"line":591,"column":2},"end":{"line":591,"column":109}},"202":{"start":{"line":571,"column":13},"end":{"line":571,"column":26}},"203":{"start":{"line":597,"column":31},"end":{"line":599,"column":1}},"204":{"start":{"line":598,"column":2},"end":{"line":598,"column":65}},"205":{"start":{"line":597,"column":13},"end":{"line":597,"column":31}},"206":{"start":{"line":610,"column":29},"end":{"line":622,"column":1}},"207":{"start":{"line":611,"column":14},"end":{"line":611,"column":28}},"208":{"start":{"line":612,"column":2},"end":{"line":621,"column":4}},"209":{"start":{"line":610,"column":13},"end":{"line":610,"column":29}},"210":{"start":{"line":629,"column":21},"end":{"line":643,"column":1}},"211":{"start":{"line":630,"column":2},"end":{"line":630,"column":44}},"212":{"start":{"line":633,"column":2},"end":{"line":633,"column":61}},"213":{"start":{"line":633,"column":46},"end":{"line":633,"column":59}},"214":{"start":{"line":634,"column":2},"end":{"line":634,"column":29}},"215":{"start":{"line":637,"column":2},"end":{"line":637,"column":23}},"216":{"start":{"line":638,"column":2},"end":{"line":638,"column":20}},"217":{"start":{"line":639,"column":2},"end":{"line":639,"column":25}},"218":{"start":{"line":640,"column":2},"end":{"line":640,"column":19}},"219":{"start":{"line":642,"column":2},"end":{"line":642,"column":46}},"220":{"start":{"line":629,"column":13},"end":{"line":629,"column":21}},"221":{"start":{"line":651,"column":0},"end":{"line":672,"column":2}}},"fnMap":{"0":{"name":"(anonymous_1)","decl":{"start":{"line":83,"column":29},"end":{"line":83,"column":30}},"loc":{"start":{"line":83,"column":93},"end":{"line":114,"column":1}}},"1":{"name":"(anonymous_2)","decl":{"start":{"line":119,"column":31},"end":{"line":119,"column":32}},"loc":{"start":{"line":119,"column":91},"end":{"line":144,"column":1}}},"2":{"name":"(anonymous_3)","decl":{"start":{"line":170,"column":26},"end":{"line":170,"column":27}},"loc":{"start":{"line":170,"column":71},"end":{"line":210,"column":1}}},"3":{"name":"(anonymous_4)","decl":{"start":{"line":221,"column":26},"end":{"line":221,"column":27}},"loc":{"start":{"line":221,"column":51},"end":{"line":235,"column":1}}},"4":{"name":"(anonymous_5)","decl":{"start":{"line":230,"column":52},"end":{"line":230,"column":53}},"loc":{"start":{"line":230,"column":77},"end":{"line":232,"column":3}}},"5":{"name":"(anonymous_6)","decl":{"start":{"line":240,"column":30},"end":{"line":240,"column":31}},"loc":{"start":{"line":240,"column":55},"end":{"line":257,"column":1}}},"6":{"name":"(anonymous_7)","decl":{"start":{"line":243,"column":4},"end":{"line":243,"column":5}},"loc":{"start":{"line":243,"column":15},"end":{"line":243,"column":68}}},"7":{"name":"(anonymous_8)","decl":{"start":{"line":269,"column":26},"end":{"line":269,"column":27}},"loc":{"start":{"line":269,"column":73},"end":{"line":290,"column":1}}},"8":{"name":"(anonymous_9)","decl":{"start":{"line":272,"column":4},"end":{"line":272,"column":5}},"loc":{"start":{"line":272,"column":15},"end":{"line":272,"column":68}}},"9":{"name":"(anonymous_10)","decl":{"start":{"line":299,"column":30},"end":{"line":299,"column":31}},"loc":{"start":{"line":299,"column":83},"end":{"line":307,"column":1}}},"10":{"name":"(anonymous_11)","decl":{"start":{"line":320,"column":21},"end":{"line":320,"column":22}},"loc":{"start":{"line":320,"column":71},"end":{"line":405,"column":1}}},"11":{"name":"(anonymous_12)","decl":{"start":{"line":422,"column":27},"end":{"line":422,"column":28}},"loc":{"start":{"line":422,"column":56},"end":{"line":449,"column":1}}},"12":{"name":"(anonymous_13)","decl":{"start":{"line":461,"column":27},"end":{"line":461,"column":null}},"loc":{"start":{"line":464,"column":13},"end":{"line":497,"column":1}}},"13":{"name":"(anonymous_14)","decl":{"start":{"line":508,"column":31},"end":{"line":508,"column":57}},"loc":{"start":{"line":508,"column":59},"end":{"line":510,"column":1}}},"14":{"name":"(anonymous_15)","decl":{"start":{"line":515,"column":34},"end":{"line":515,"column":35}},"loc":{"start":{"line":515,"column":76},"end":{"line":519,"column":1}}},"15":{"name":"(anonymous_16)","decl":{"start":{"line":517,"column":45},"end":{"line":517,"column":46}},"loc":{"start":{"line":517,"column":56},"end":{"line":517,"column":79}}},"16":{"name":"(anonymous_17)","decl":{"start":{"line":524,"column":28},"end":{"line":524,"column":29}},"loc":{"start":{"line":524,"column":67},"end":{"line":534,"column":1}}},"17":{"name":"(anonymous_18)","decl":{"start":{"line":532,"column":44},"end":{"line":532,"column":45}},"loc":{"start":{"line":532,"column":55},"end":{"line":532,"column":75}}},"18":{"name":"(anonymous_19)","decl":{"start":{"line":539,"column":31},"end":{"line":539,"column":32}},"loc":{"start":{"line":539,"column":73},"end":{"line":542,"column":1}}},"19":{"name":"(anonymous_20)","decl":{"start":{"line":547,"column":28},"end":{"line":547,"column":54}},"loc":{"start":{"line":547,"column":56},"end":{"line":549,"column":1}}},"20":{"name":"(anonymous_21)","decl":{"start":{"line":554,"column":33},"end":{"line":554,"column":34}},"loc":{"start":{"line":554,"column":80},"end":{"line":558,"column":1}}},"21":{"name":"(anonymous_22)","decl":{"start":{"line":555,"column":65},"end":{"line":555,"column":66}},"loc":{"start":{"line":555,"column":72},"end":{"line":555,"column":91}}},"22":{"name":"(anonymous_23)","decl":{"start":{"line":556,"column":45},"end":{"line":556,"column":46}},"loc":{"start":{"line":556,"column":52},"end":{"line":556,"column":71}}},"23":{"name":"(anonymous_24)","decl":{"start":{"line":571,"column":26},"end":{"line":571,"column":27}},"loc":{"start":{"line":571,"column":62},"end":{"line":592,"column":1}}},"24":{"name":"(anonymous_25)","decl":{"start":{"line":575,"column":36},"end":{"line":575,"column":37}},"loc":{"start":{"line":575,"column":43},"end":{"line":575,"column":93}}},"25":{"name":"(anonymous_26)","decl":{"start":{"line":576,"column":40},"end":{"line":576,"column":41}},"loc":{"start":{"line":576,"column":47},"end":{"line":576,"column":97}}},"26":{"name":"(anonymous_27)","decl":{"start":{"line":580,"column":17},"end":{"line":580,"column":18}},"loc":{"start":{"line":580,"column":27},"end":{"line":582,"column":3}}},"27":{"name":"(anonymous_28)","decl":{"start":{"line":588,"column":37},"end":{"line":588,"column":38}},"loc":{"start":{"line":588,"column":44},"end":{"line":588,"column":52}}},"28":{"name":"(anonymous_29)","decl":{"start":{"line":589,"column":18},"end":{"line":589,"column":19}},"loc":{"start":{"line":589,"column":30},"end":{"line":589,"column":55}}},"29":{"name":"(anonymous_30)","decl":{"start":{"line":597,"column":31},"end":{"line":597,"column":48}},"loc":{"start":{"line":597,"column":50},"end":{"line":599,"column":1}}},"30":{"name":"(anonymous_31)","decl":{"start":{"line":610,"column":29},"end":{"line":610,"column":32}},"loc":{"start":{"line":610,"column":34},"end":{"line":622,"column":1}}},"31":{"name":"(anonymous_32)","decl":{"start":{"line":629,"column":21},"end":{"line":629,"column":30}},"loc":{"start":{"line":629,"column":32},"end":{"line":643,"column":1}}},"32":{"name":"(anonymous_33)","decl":{"start":{"line":633,"column":29},"end":{"line":633,"column":30}},"loc":{"start":{"line":633,"column":46},"end":{"line":633,"column":59}}}},"branchMap":{"0":{"loc":{"start":{"line":85,"column":2},"end":{"line":87,"column":3}},"type":"if","locations":[{"start":{"line":85,"column":2},"end":{"line":87,"column":3}}]},"1":{"loc":{"start":{"line":85,"column":6},"end":{"line":85,"column":59}},"type":"binary-expr","locations":[{"start":{"line":85,"column":6},"end":{"line":85,"column":21}},{"start":{"line":85,"column":25},"end":{"line":85,"column":59}}]},"2":{"loc":{"start":{"line":88,"column":2},"end":{"line":90,"column":3}},"type":"if","locations":[{"start":{"line":88,"column":2},"end":{"line":90,"column":3}}]},"3":{"loc":{"start":{"line":88,"column":6},"end":{"line":88,"column":61}},"type":"binary-expr","locations":[{"start":{"line":88,"column":6},"end":{"line":88,"column":31}},{"start":{"line":88,"column":35},"end":{"line":88,"column":61}}]},"4":{"loc":{"start":{"line":91,"column":2},"end":{"line":93,"column":3}},"type":"if","locations":[{"start":{"line":91,"column":2},"end":{"line":93,"column":3}}]},"5":{"loc":{"start":{"line":96,"column":2},"end":{"line":98,"column":3}},"type":"if","locations":[{"start":{"line":96,"column":2},"end":{"line":98,"column":3}}]},"6":{"loc":{"start":{"line":96,"column":6},"end":{"line":96,"column":55}},"type":"binary-expr","locations":[{"start":{"line":96,"column":6},"end":{"line":96,"column":28}},{"start":{"line":96,"column":32},"end":{"line":96,"column":55}}]},"7":{"loc":{"start":{"line":101,"column":2},"end":{"line":103,"column":3}},"type":"if","locations":[{"start":{"line":101,"column":2},"end":{"line":103,"column":3}}]},"8":{"loc":{"start":{"line":101,"column":6},"end":{"line":101,"column":66}},"type":"binary-expr","locations":[{"start":{"line":101,"column":6},"end":{"line":101,"column":41}},{"start":{"line":101,"column":45},"end":{"line":101,"column":66}}]},"9":{"loc":{"start":{"line":106,"column":2},"end":{"line":108,"column":3}},"type":"if","locations":[{"start":{"line":106,"column":2},"end":{"line":108,"column":3}}]},"10":{"loc":{"start":{"line":106,"column":6},"end":{"line":106,"column":73}},"type":"binary-expr","locations":[{"start":{"line":106,"column":6},"end":{"line":106,"column":44}},{"start":{"line":106,"column":48},"end":{"line":106,"column":73}}]},"11":{"loc":{"start":{"line":109,"column":2},"end":{"line":111,"column":3}},"type":"if","locations":[{"start":{"line":109,"column":2},"end":{"line":111,"column":3}}]},"12":{"loc":{"start":{"line":122,"column":2},"end":{"line":141,"column":3}},"type":"if","locations":[{"start":{"line":122,"column":2},"end":{"line":141,"column":3}},{"start":{"line":131,"column":9},"end":{"line":141,"column":3}}]},"13":{"loc":{"start":{"line":125,"column":4},"end":{"line":130,"column":5}},"type":"if","locations":[{"start":{"line":125,"column":4},"end":{"line":130,"column":5}}]},"14":{"loc":{"start":{"line":134,"column":28},"end":{"line":134,"column":49}},"type":"binary-expr","locations":[{"start":{"line":134,"column":28},"end":{"line":134,"column":44}},{"start":{"line":134,"column":48},"end":{"line":134,"column":49}}]},"15":{"loc":{"start":{"line":134,"column":28},"end":{"line":134,"column":44}},"type":"cond-expr","locations":[{"start":{"line":134,"column":36},"end":{"line":134,"column":38}},{"start":{"line":134,"column":28},"end":{"line":134,"column":44}}]},"16":{"loc":{"start":{"line":134,"column":28},"end":{"line":134,"column":38}},"type":"binary-expr","locations":[{"start":{"line":134,"column":28},"end":{"line":134,"column":38}},{"start":{"line":134,"column":28},"end":{"line":134,"column":38}}]},"17":{"loc":{"start":{"line":135,"column":4},"end":{"line":140,"column":5}},"type":"if","locations":[{"start":{"line":135,"column":4},"end":{"line":140,"column":5}}]},"18":{"loc":{"start":{"line":175,"column":2},"end":{"line":178,"column":3}},"type":"if","locations":[{"start":{"line":175,"column":2},"end":{"line":178,"column":3}}]},"19":{"loc":{"start":{"line":193,"column":2},"end":{"line":199,"column":3}},"type":"if","locations":[{"start":{"line":193,"column":2},"end":{"line":199,"column":3}}]},"20":{"loc":{"start":{"line":223,"column":2},"end":{"line":225,"column":3}},"type":"if","locations":[{"start":{"line":223,"column":2},"end":{"line":225,"column":3}}]},"21":{"loc":{"start":{"line":243,"column":15},"end":{"line":243,"column":68}},"type":"binary-expr","locations":[{"start":{"line":243,"column":15},"end":{"line":243,"column":38}},{"start":{"line":243,"column":42},"end":{"line":243,"column":68}}]},"22":{"loc":{"start":{"line":246,"column":2},"end":{"line":248,"column":3}},"type":"if","locations":[{"start":{"line":246,"column":2},"end":{"line":248,"column":3}}]},"23":{"loc":{"start":{"line":252,"column":2},"end":{"line":256,"column":3}},"type":"if","locations":[{"start":{"line":252,"column":2},"end":{"line":256,"column":3}}]},"24":{"loc":{"start":{"line":272,"column":15},"end":{"line":272,"column":68}},"type":"binary-expr","locations":[{"start":{"line":272,"column":15},"end":{"line":272,"column":38}},{"start":{"line":272,"column":42},"end":{"line":272,"column":68}}]},"25":{"loc":{"start":{"line":275,"column":2},"end":{"line":277,"column":3}},"type":"if","locations":[{"start":{"line":275,"column":2},"end":{"line":277,"column":3}}]},"26":{"loc":{"start":{"line":283,"column":4},"end":{"line":288,"column":5}},"type":"if","locations":[{"start":{"line":283,"column":4},"end":{"line":288,"column":5}}]},"27":{"loc":{"start":{"line":300,"column":2},"end":{"line":306,"column":3}},"type":"if","locations":[{"start":{"line":300,"column":2},"end":{"line":306,"column":3}},{"start":{"line":303,"column":9},"end":{"line":306,"column":3}}]},"28":{"loc":{"start":{"line":322,"column":2},"end":{"line":325,"column":3}},"type":"if","locations":[{"start":{"line":322,"column":2},"end":{"line":325,"column":3}}]},"29":{"loc":{"start":{"line":328,"column":2},"end":{"line":331,"column":3}},"type":"if","locations":[{"start":{"line":328,"column":2},"end":{"line":331,"column":3}}]},"30":{"loc":{"start":{"line":356,"column":4},"end":{"line":387,"column":5}},"type":"if","locations":[{"start":{"line":356,"column":4},"end":{"line":387,"column":5}},{"start":{"line":374,"column":11},"end":{"line":387,"column":5}}]},"31":{"loc":{"start":{"line":356,"column":8},"end":{"line":356,"column":38}},"type":"binary-expr","locations":[{"start":{"line":356,"column":8},"end":{"line":356,"column":22}},{"start":{"line":356,"column":26},"end":{"line":356,"column":38}}]},"32":{"loc":{"start":{"line":365,"column":88},"end":{"line":365,"column":119}},"type":"cond-expr","locations":[{"start":{"line":365,"column":107},"end":{"line":365,"column":109}},{"start":{"line":365,"column":107},"end":{"line":365,"column":119}}]},"33":{"loc":{"start":{"line":365,"column":88},"end":{"line":365,"column":109}},"type":"binary-expr","locations":[{"start":{"line":365,"column":88},"end":{"line":365,"column":109}},{"start":{"line":365,"column":107},"end":{"line":365,"column":109}}]},"34":{"loc":{"start":{"line":365,"column":132},"end":{"line":365,"column":163}},"type":"cond-expr","locations":[{"start":{"line":365,"column":151},"end":{"line":365,"column":153}},{"start":{"line":365,"column":151},"end":{"line":365,"column":163}}]},"35":{"loc":{"start":{"line":365,"column":132},"end":{"line":365,"column":153}},"type":"binary-expr","locations":[{"start":{"line":365,"column":132},"end":{"line":365,"column":153}},{"start":{"line":365,"column":151},"end":{"line":365,"column":153}}]},"36":{"loc":{"start":{"line":377,"column":20},"end":{"line":377,"column":60}},"type":"binary-expr","locations":[{"start":{"line":377,"column":20},"end":{"line":377,"column":32}},{"start":{"line":377,"column":36},"end":{"line":377,"column":60}}]},"37":{"loc":{"start":{"line":391,"column":18},"end":{"line":391,"column":84}},"type":"cond-expr","locations":[{"start":{"line":391,"column":43},"end":{"line":391,"column":56}},{"start":{"line":391,"column":59},"end":{"line":391,"column":84}}]},"38":{"loc":{"start":{"line":425,"column":2},"end":{"line":428,"column":3}},"type":"if","locations":[{"start":{"line":425,"column":2},"end":{"line":428,"column":3}}]},"39":{"loc":{"start":{"line":430,"column":2},"end":{"line":433,"column":3}},"type":"if","locations":[{"start":{"line":430,"column":2},"end":{"line":433,"column":3}}]},"40":{"loc":{"start":{"line":467,"column":2},"end":{"line":470,"column":3}},"type":"if","locations":[{"start":{"line":467,"column":2},"end":{"line":470,"column":3}}]},"41":{"loc":{"start":{"line":472,"column":2},"end":{"line":475,"column":3}},"type":"if","locations":[{"start":{"line":472,"column":2},"end":{"line":475,"column":3}}]},"42":{"loc":{"start":{"line":478,"column":2},"end":{"line":484,"column":3}},"type":"if","locations":[{"start":{"line":478,"column":2},"end":{"line":484,"column":3}}]},"43":{"loc":{"start":{"line":479,"column":4},"end":{"line":482,"column":5}},"type":"if","locations":[{"start":{"line":479,"column":4},"end":{"line":482,"column":5}}]},"44":{"loc":{"start":{"line":479,"column":8},"end":{"line":479,"column":67}},"type":"binary-expr","locations":[{"start":{"line":479,"column":8},"end":{"line":479,"column":33}},{"start":{"line":479,"column":37},"end":{"line":479,"column":67}}]},"45":{"loc":{"start":{"line":486,"column":2},"end":{"line":492,"column":3}},"type":"if","locations":[{"start":{"line":486,"column":2},"end":{"line":492,"column":3}}]},"46":{"loc":{"start":{"line":487,"column":4},"end":{"line":490,"column":5}},"type":"if","locations":[{"start":{"line":487,"column":4},"end":{"line":490,"column":5}}]},"47":{"loc":{"start":{"line":487,"column":8},"end":{"line":487,"column":68}},"type":"binary-expr","locations":[{"start":{"line":487,"column":8},"end":{"line":487,"column":43}},{"start":{"line":487,"column":47},"end":{"line":487,"column":68}}]},"48":{"loc":{"start":{"line":527,"column":2},"end":{"line":529,"column":3}},"type":"if","locations":[{"start":{"line":527,"column":2},"end":{"line":529,"column":3}}]},"49":{"loc":{"start":{"line":533,"column":9},"end":{"line":533,"column":32}},"type":"binary-expr","locations":[{"start":{"line":533,"column":9},"end":{"line":533,"column":24}},{"start":{"line":533,"column":28},"end":{"line":533,"column":32}}]},"50":{"loc":{"start":{"line":541,"column":23},"end":{"line":541,"column":64}},"type":"cond-expr","locations":[{"start":{"line":541,"column":31},"end":{"line":541,"column":54}},{"start":{"line":541,"column":57},"end":{"line":541,"column":64}}]},"51":{"loc":{"start":{"line":575,"column":43},"end":{"line":575,"column":93}},"type":"binary-expr","locations":[{"start":{"line":575,"column":43},"end":{"line":575,"column":65}},{"start":{"line":575,"column":69},"end":{"line":575,"column":93}}]},"52":{"loc":{"start":{"line":576,"column":47},"end":{"line":576,"column":97}},"type":"binary-expr","locations":[{"start":{"line":576,"column":47},"end":{"line":576,"column":69}},{"start":{"line":576,"column":73},"end":{"line":576,"column":97}}]}},"s":{"0":1,"1":1,"2":1,"3":1,"4":1,"5":1,"6":1,"7":1,"8":165,"9":1,"10":164,"11":0,"12":164,"13":1,"14":163,"15":1,"16":162,"17":3,"18":159,"19":2,"20":157,"21":1,"22":156,"23":1,"24":156,"25":156,"26":147,"27":147,"28":1,"29":9,"30":9,"31":9,"32":1,"33":154,"34":1,"35":165,"36":165,"37":165,"38":9,"39":9,"40":156,"41":156,"42":156,"43":2,"44":2,"45":2,"46":2,"47":2,"48":154,"49":154,"50":154,"51":154,"52":1,"53":1,"54":156,"55":107,"56":49,"57":49,"58":0,"59":49,"60":1,"61":16,"62":2,"63":16,"64":1,"65":15,"66":15,"67":15,"68":15,"69":15,"70":1,"71":0,"72":0,"73":0,"74":0,"75":0,"76":0,"77":0,"78":0,"79":0,"80":1,"81":0,"82":0,"83":0,"84":1,"85":0,"86":0,"87":0,"88":0,"89":0,"90":0,"91":0,"92":0,"93":0,"94":0,"95":0,"96":0,"97":0,"98":0,"99":0,"100":0,"101":0,"102":0,"103":0,"104":0,"105":0,"106":0,"107":0,"108":0,"109":0,"110":0,"111":0,"112":0,"113":0,"114":0,"115":0,"116":0,"117":0,"118":0,"119":0,"120":0,"121":1,"122":18,"123":18,"124":2,"125":2,"126":16,"127":0,"128":0,"129":16,"130":16,"131":16,"132":16,"133":16,"134":16,"135":16,"136":1,"137":1,"138":4,"139":4,"140":1,"141":1,"142":3,"143":0,"144":0,"145":3,"146":2,"147":1,"148":1,"149":1,"150":2,"151":1,"152":0,"153":0,"154":1,"155":2,"156":2,"157":1,"158":1,"159":10,"160":1,"161":1,"162":2,"163":5,"164":1,"165":1,"166":4,"167":4,"168":3,"169":1,"170":0,"171":1,"172":1,"173":1,"174":5,"175":5,"176":1,"177":1,"178":2,"179":1,"180":1,"181":6,"182":18,"183":6,"184":0,"185":6,"186":1,"187":1,"188":2,"189":2,"190":2,"191":2,"192":2,"193":2,"194":2,"195":2,"196":2,"197":2,"198":2,"199":2,"200":2,"201":2,"202":1,"203":1,"204":2,"205":1,"206":1,"207":1,"208":1,"209":1,"210":1,"211":46,"212":46,"213":33,"214":46,"215":46,"216":46,"217":46,"218":46,"219":46,"220":1,"221":1},"f":{"0":165,"1":156,"2":165,"3":156,"4":0,"5":16,"6":2,"7":0,"8":0,"9":0,"10":0,"11":18,"12":4,"13":10,"14":2,"15":5,"16":4,"17":0,"18":5,"19":2,"20":6,"21":18,"22":0,"23":2,"24":2,"25":2,"26":2,"27":2,"28":2,"29":2,"30":1,"31":46,"32":33},"b":{"0":[1],"1":[165,164],"2":[0],"3":[164,164],"4":[1],"5":[1],"6":[163,10],"7":[3],"8":[162,161],"9":[2],"10":[159,159],"11":[1],"12":[147,9],"13":[1],"14":[9,1],"15":[1,8],"16":[9,9],"17":[1],"18":[9],"19":[2],"20":[107],"21":[2,1],"22":[1],"23":[15],"24":[0,0],"25":[0],"26":[0],"27":[0,0],"28":[0],"29":[0],"30":[0,0],"31":[0,0],"32":[0,0],"33":[0,0],"34":[0,0],"35":[0,0],"36":[0,0],"37":[0,0],"38":[2],"39":[0],"40":[1],"41":[0],"42":[2],"43":[1],"44":[2,1],"45":[1],"46":[0],"47":[1,1],"48":[3],"49":[1,1],"50":[1,4],"51":[2,0],"52":[2,0]}}
,"/Users/gmuthurakku/Desktop/Assignments/TradePlus/tradepulse-app/src/engines/PriceEngine/index.ts": {"path":"/Users/gmuthurakku/Desktop/Assignments/TradePlus/tradepulse-app/src/engines/PriceEngine/index.ts","statementMap":{"0":{"start":{"line":35,"column":27},"end":{"line":35,"column":30}},"1":{"start":{"line":38,"column":27},"end":{"line":38,"column":31}},"2":{"start":{"line":41,"column":22},"end":{"line":41,"column":25}},"3":{"start":{"line":44,"column":26},"end":{"line":44,"column":30}},"4":{"start":{"line":47,"column":21},"end":{"line":47,"column":25}},"5":{"start":{"line":50,"column":23},"end":{"line":50,"column":28}},"6":{"start":{"line":53,"column":46},"end":{"line":73,"column":2}},"7":{"start":{"line":80,"column":18},"end":{"line":80,"column":57}},"8":{"start":{"line":83,"column":13},"end":{"line":83,"column":41}},"9":{"start":{"line":86,"column":14},"end":{"line":86,"column":45}},"10":{"start":{"line":89,"column":21},"end":{"line":89,"column":46}},"11":{"start":{"line":92,"column":19},"end":{"line":92,"column":87}},"12":{"start":{"line":95,"column":60},"end":{"line":95,"column":64}},"13":{"start":{"line":98,"column":16},"end":{"line":98,"column":21}},"14":{"start":{"line":108,"column":24},"end":{"line":115,"column":1}},"15":{"start":{"line":109,"column":11},"end":{"line":109,"column":12}},"16":{"start":{"line":110,"column":9},"end":{"line":110,"column":10}},"17":{"start":{"line":111,"column":2},"end":{"line":111,"column":38}},"18":{"start":{"line":111,"column":19},"end":{"line":111,"column":38}},"19":{"start":{"line":112,"column":2},"end":{"line":112,"column":38}},"20":{"start":{"line":112,"column":19},"end":{"line":112,"column":38}},"21":{"start":{"line":113,"column":13},"end":{"line":113,"column":74}},"22":{"start":{"line":114,"column":2},"end":{"line":114,"column":12}},"23":{"start":{"line":137,"column":26},"end":{"line":155,"column":1}},"24":{"start":{"line":139,"column":31},"end":{"line":139,"column":51}},"25":{"start":{"line":140,"column":25},"end":{"line":140,"column":51}},"26":{"start":{"line":141,"column":13},"end":{"line":141,"column":31}},"27":{"start":{"line":144,"column":16},"end":{"line":144,"column":28}},"28":{"start":{"line":145,"column":21},"end":{"line":145,"column":38}},"29":{"start":{"line":148,"column":12},"end":{"line":148,"column":29}},"30":{"start":{"line":151,"column":19},"end":{"line":151,"column":96}},"31":{"start":{"line":154,"column":2},"end":{"line":154,"column":43}},"32":{"start":{"line":165,"column":24},"end":{"line":197,"column":1}},"33":{"start":{"line":170,"column":17},"end":{"line":170,"column":46}},"34":{"start":{"line":171,"column":14},"end":{"line":171,"column":39}},"35":{"start":{"line":172,"column":14},"end":{"line":172,"column":39}},"36":{"start":{"line":174,"column":18},"end":{"line":174,"column":43}},"37":{"start":{"line":175,"column":15},"end":{"line":175,"column":51}},"38":{"start":{"line":176,"column":14},"end":{"line":176,"column":49}},"39":{"start":{"line":178,"column":17},"end":{"line":178,"column":50}},"40":{"start":{"line":179,"column":24},"end":{"line":179,"column":59}},"41":{"start":{"line":182,"column":2},"end":{"line":182,"column":74}},"42":{"start":{"line":184,"column":2},"end":{"line":196,"column":4}},"43":{"start":{"line":207,"column":25},"end":{"line":212,"column":1}},"44":{"start":{"line":208,"column":2},"end":{"line":211,"column":4}},"45":{"start":{"line":217,"column":21},"end":{"line":229,"column":1}},"46":{"start":{"line":218,"column":2},"end":{"line":220,"column":3}},"47":{"start":{"line":219,"column":4},"end":{"line":219,"column":28}},"48":{"start":{"line":222,"column":15},"end":{"line":222,"column":35}},"49":{"start":{"line":223,"column":2},"end":{"line":223,"column":19}},"50":{"start":{"line":226,"column":2},"end":{"line":228,"column":3}},"51":{"start":{"line":227,"column":4},"end":{"line":227,"column":17}},"52":{"start":{"line":239,"column":26},"end":{"line":254,"column":1}},"53":{"start":{"line":240,"column":20},"end":{"line":240,"column":43}},"54":{"start":{"line":241,"column":2},"end":{"line":241,"column":49}},"55":{"start":{"line":241,"column":42},"end":{"line":241,"column":49}},"56":{"start":{"line":244,"column":2},"end":{"line":253,"column":5}},"57":{"start":{"line":245,"column":4},"end":{"line":252,"column":5}},"58":{"start":{"line":246,"column":6},"end":{"line":246,"column":26}},"59":{"start":{"line":248,"column":6},"end":{"line":251,"column":8}},"60":{"start":{"line":264,"column":13},"end":{"line":286,"column":1}},"61":{"start":{"line":266,"column":2},"end":{"line":285,"column":3}},"62":{"start":{"line":267,"column":25},"end":{"line":267,"column":43}},"63":{"start":{"line":268,"column":4},"end":{"line":268,"column":32}},"64":{"start":{"line":268,"column":23},"end":{"line":268,"column":32}},"65":{"start":{"line":271,"column":22},"end":{"line":271,"column":67}},"66":{"start":{"line":274,"column":22},"end":{"line":274,"column":76}},"67":{"start":{"line":277,"column":4},"end":{"line":277,"column":34}},"68":{"start":{"line":280,"column":23},"end":{"line":280,"column":50}},"69":{"start":{"line":281,"column":4},"end":{"line":281,"column":37}},"70":{"start":{"line":284,"column":4},"end":{"line":284,"column":41}},"71":{"start":{"line":306,"column":25},"end":{"line":338,"column":1}},"72":{"start":{"line":308,"column":2},"end":{"line":319,"column":3}},"73":{"start":{"line":309,"column":25},"end":{"line":309,"column":75}},"74":{"start":{"line":311,"column":4},"end":{"line":315,"column":7}},"75":{"start":{"line":316,"column":22},"end":{"line":316,"column":73}},"76":{"start":{"line":317,"column":4},"end":{"line":317,"column":34}},"77":{"start":{"line":318,"column":4},"end":{"line":318,"column":45}},"78":{"start":{"line":322,"column":2},"end":{"line":324,"column":3}},"79":{"start":{"line":323,"column":4},"end":{"line":323,"column":39}},"80":{"start":{"line":325,"column":2},"end":{"line":325,"column":41}},"81":{"start":{"line":328,"column":2},"end":{"line":337,"column":4}},"82":{"start":{"line":329,"column":17},"end":{"line":329,"column":40}},"83":{"start":{"line":330,"column":4},"end":{"line":336,"column":5}},"84":{"start":{"line":331,"column":6},"end":{"line":331,"column":28}},"85":{"start":{"line":333,"column":6},"end":{"line":335,"column":7}},"86":{"start":{"line":334,"column":8},"end":{"line":334,"column":35}},"87":{"start":{"line":306,"column":13},"end":{"line":306,"column":25}},"88":{"start":{"line":347,"column":24},"end":{"line":349,"column":1}},"89":{"start":{"line":348,"column":2},"end":{"line":348,"column":28}},"90":{"start":{"line":347,"column":13},"end":{"line":347,"column":24}},"91":{"start":{"line":354,"column":28},"end":{"line":356,"column":1}},"92":{"start":{"line":355,"column":2},"end":{"line":355,"column":25}},"93":{"start":{"line":354,"column":13},"end":{"line":354,"column":28}},"94":{"start":{"line":362,"column":26},"end":{"line":368,"column":1}},"95":{"start":{"line":363,"column":15},"end":{"line":363,"column":40}},"96":{"start":{"line":364,"column":2},"end":{"line":366,"column":3}},"97":{"start":{"line":365,"column":4},"end":{"line":365,"column":36}},"98":{"start":{"line":367,"column":2},"end":{"line":367,"column":43}},"99":{"start":{"line":362,"column":13},"end":{"line":362,"column":26}},"100":{"start":{"line":383,"column":21},"end":{"line":397,"column":1}},"101":{"start":{"line":384,"column":2},"end":{"line":387,"column":3}},"102":{"start":{"line":385,"column":4},"end":{"line":385,"column":50}},"103":{"start":{"line":386,"column":4},"end":{"line":386,"column":11}},"104":{"start":{"line":389,"column":2},"end":{"line":389,"column":19}},"105":{"start":{"line":392,"column":2},"end":{"line":394,"column":25}},"106":{"start":{"line":393,"column":4},"end":{"line":393,"column":11}},"107":{"start":{"line":396,"column":2},"end":{"line":396,"column":78}},"108":{"start":{"line":383,"column":13},"end":{"line":383,"column":21}},"109":{"start":{"line":403,"column":20},"end":{"line":410,"column":1}},"110":{"start":{"line":404,"column":2},"end":{"line":407,"column":3}},"111":{"start":{"line":405,"column":4},"end":{"line":405,"column":34}},"112":{"start":{"line":406,"column":4},"end":{"line":406,"column":26}},"113":{"start":{"line":408,"column":2},"end":{"line":408,"column":20}},"114":{"start":{"line":409,"column":2},"end":{"line":409,"column":39}},"115":{"start":{"line":403,"column":13},"end":{"line":403,"column":20}},"116":{"start":{"line":416,"column":21},"end":{"line":424,"column":1}},"117":{"start":{"line":417,"column":2},"end":{"line":417,"column":9}},"118":{"start":{"line":418,"column":2},"end":{"line":418,"column":22}},"119":{"start":{"line":419,"column":2},"end":{"line":419,"column":17}},"120":{"start":{"line":420,"column":2},"end":{"line":420,"column":18}},"121":{"start":{"line":421,"column":2},"end":{"line":421,"column":25}},"122":{"start":{"line":422,"column":2},"end":{"line":422,"column":23}},"123":{"start":{"line":423,"column":2},"end":{"line":423,"column":37}},"124":{"start":{"line":416,"column":13},"end":{"line":416,"column":21}},"125":{"start":{"line":429,"column":25},"end":{"line":446,"column":1}},"126":{"start":{"line":435,"column":27},"end":{"line":435,"column":28}},"127":{"start":{"line":436,"column":2},"end":{"line":438,"column":5}},"128":{"start":{"line":437,"column":4},"end":{"line":437,"column":38}},"129":{"start":{"line":440,"column":2},"end":{"line":445,"column":4}},"130":{"start":{"line":429,"column":13},"end":{"line":429,"column":25}},"131":{"start":{"line":452,"column":0},"end":{"line":471,"column":2}}},"fnMap":{"0":{"name":"(anonymous_0)","decl":{"start":{"line":108,"column":24},"end":{"line":108,"column":35}},"loc":{"start":{"line":108,"column":37},"end":{"line":115,"column":1}}},"1":{"name":"(anonymous_1)","decl":{"start":{"line":137,"column":26},"end":{"line":137,"column":27}},"loc":{"start":{"line":137,"column":76},"end":{"line":155,"column":1}}},"2":{"name":"(anonymous_2)","decl":{"start":{"line":165,"column":24},"end":{"line":165,"column":null}},"loc":{"start":{"line":169,"column":15},"end":{"line":197,"column":1}}},"3":{"name":"(anonymous_3)","decl":{"start":{"line":207,"column":25},"end":{"line":207,"column":26}},"loc":{"start":{"line":207,"column":62},"end":{"line":212,"column":1}}},"4":{"name":"(anonymous_4)","decl":{"start":{"line":217,"column":21},"end":{"line":217,"column":22}},"loc":{"start":{"line":217,"column":65},"end":{"line":229,"column":1}}},"5":{"name":"(anonymous_5)","decl":{"start":{"line":239,"column":26},"end":{"line":239,"column":27}},"loc":{"start":{"line":239,"column":73},"end":{"line":254,"column":1}}},"6":{"name":"(anonymous_6)","decl":{"start":{"line":244,"column":20},"end":{"line":244,"column":21}},"loc":{"start":{"line":244,"column":33},"end":{"line":253,"column":3}}},"7":{"name":"(anonymous_7)","decl":{"start":{"line":264,"column":13},"end":{"line":264,"column":22}},"loc":{"start":{"line":264,"column":24},"end":{"line":286,"column":1}}},"8":{"name":"(anonymous_8)","decl":{"start":{"line":306,"column":25},"end":{"line":306,"column":26}},"loc":{"start":{"line":306,"column":86},"end":{"line":338,"column":1}}},"9":{"name":"(anonymous_9)","decl":{"start":{"line":328,"column":9},"end":{"line":328,"column":12}},"loc":{"start":{"line":328,"column":14},"end":{"line":337,"column":3}}},"10":{"name":"(anonymous_10)","decl":{"start":{"line":347,"column":24},"end":{"line":347,"column":25}},"loc":{"start":{"line":347,"column":66},"end":{"line":349,"column":1}}},"11":{"name":"(anonymous_11)","decl":{"start":{"line":354,"column":28},"end":{"line":354,"column":63}},"loc":{"start":{"line":354,"column":65},"end":{"line":356,"column":1}}},"12":{"name":"(anonymous_12)","decl":{"start":{"line":362,"column":26},"end":{"line":362,"column":27}},"loc":{"start":{"line":362,"column":84},"end":{"line":368,"column":1}}},"13":{"name":"(anonymous_13)","decl":{"start":{"line":383,"column":21},"end":{"line":383,"column":30}},"loc":{"start":{"line":383,"column":32},"end":{"line":397,"column":1}}},"14":{"name":"(anonymous_14)","decl":{"start":{"line":392,"column":31},"end":{"line":392,"column":34}},"loc":{"start":{"line":392,"column":36},"end":{"line":394,"column":3}}},"15":{"name":"(anonymous_15)","decl":{"start":{"line":403,"column":20},"end":{"line":403,"column":29}},"loc":{"start":{"line":403,"column":31},"end":{"line":410,"column":1}}},"16":{"name":"(anonymous_16)","decl":{"start":{"line":416,"column":21},"end":{"line":416,"column":30}},"loc":{"start":{"line":416,"column":32},"end":{"line":424,"column":1}}},"17":{"name":"(anonymous_17)","decl":{"start":{"line":429,"column":25},"end":{"line":429,"column":null}},"loc":{"start":{"line":434,"column":4},"end":{"line":446,"column":1}}},"18":{"name":"(anonymous_18)","decl":{"start":{"line":436,"column":18},"end":{"line":436,"column":19}},"loc":{"start":{"line":436,"column":27},"end":{"line":438,"column":3}}}},"branchMap":{"0":{"loc":{"start":{"line":218,"column":2},"end":{"line":220,"column":3}},"type":"if","locations":[{"start":{"line":218,"column":2},"end":{"line":220,"column":3}}]},"1":{"loc":{"start":{"line":226,"column":2},"end":{"line":228,"column":3}},"type":"if","locations":[{"start":{"line":226,"column":2},"end":{"line":228,"column":3}}]},"2":{"loc":{"start":{"line":241,"column":2},"end":{"line":241,"column":49}},"type":"if","locations":[{"start":{"line":241,"column":2},"end":{"line":241,"column":49}}]},"3":{"loc":{"start":{"line":241,"column":6},"end":{"line":241,"column":40}},"type":"binary-expr","locations":[{"start":{"line":241,"column":6},"end":{"line":241,"column":16}},{"start":{"line":241,"column":20},"end":{"line":241,"column":40}}]},"4":{"loc":{"start":{"line":250,"column":8},"end":{"line":250,"column":62}},"type":"cond-expr","locations":[{"start":{"line":250,"column":33},"end":{"line":250,"column":46}},{"start":{"line":250,"column":49},"end":{"line":250,"column":62}}]},"5":{"loc":{"start":{"line":268,"column":4},"end":{"line":268,"column":32}},"type":"if","locations":[{"start":{"line":268,"column":4},"end":{"line":268,"column":32}}]},"6":{"loc":{"start":{"line":308,"column":2},"end":{"line":319,"column":3}},"type":"if","locations":[{"start":{"line":308,"column":2},"end":{"line":319,"column":3}}]},"7":{"loc":{"start":{"line":309,"column":25},"end":{"line":309,"column":75}},"type":"binary-expr","locations":[{"start":{"line":309,"column":25},"end":{"line":309,"column":46}},{"start":{"line":309,"column":50},"end":{"line":309,"column":75}}]},"8":{"loc":{"start":{"line":322,"column":2},"end":{"line":324,"column":3}},"type":"if","locations":[{"start":{"line":322,"column":2},"end":{"line":324,"column":3}}]},"9":{"loc":{"start":{"line":330,"column":4},"end":{"line":336,"column":5}},"type":"if","locations":[{"start":{"line":330,"column":4},"end":{"line":336,"column":5}}]},"10":{"loc":{"start":{"line":333,"column":6},"end":{"line":335,"column":7}},"type":"if","locations":[{"start":{"line":333,"column":6},"end":{"line":335,"column":7}}]},"11":{"loc":{"start":{"line":363,"column":15},"end":{"line":363,"column":40}},"type":"binary-expr","locations":[{"start":{"line":363,"column":15},"end":{"line":363,"column":34}},{"start":{"line":363,"column":38},"end":{"line":363,"column":40}}]},"12":{"loc":{"start":{"line":364,"column":2},"end":{"line":366,"column":3}},"type":"if","locations":[{"start":{"line":364,"column":2},"end":{"line":366,"column":3}}]},"13":{"loc":{"start":{"line":364,"column":6},"end":{"line":364,"column":36}},"type":"binary-expr","locations":[{"start":{"line":364,"column":6},"end":{"line":364,"column":12}},{"start":{"line":364,"column":16},"end":{"line":364,"column":36}}]},"14":{"loc":{"start":{"line":384,"column":2},"end":{"line":387,"column":3}},"type":"if","locations":[{"start":{"line":384,"column":2},"end":{"line":387,"column":3}}]},"15":{"loc":{"start":{"line":404,"column":2},"end":{"line":407,"column":3}},"type":"if","locations":[{"start":{"line":404,"column":2},"end":{"line":407,"column":3}}]}},"s":{"0":2,"1":2,"2":2,"3":2,"4":2,"5":2,"6":2,"7":2,"8":2,"9":2,"10":2,"11":2,"12":2,"13":2,"14":2,"15":562,"16":562,"17":562,"18":562,"19":562,"20":562,"21":562,"22":562,"23":2,"24":562,"25":562,"26":562,"27":562,"28":562,"29":562,"30":562,"31":562,"32":2,"33":607,"34":607,"35":607,"36":607,"37":607,"38":607,"39":607,"40":607,"41":607,"42":607,"43":2,"44":562,"45":2,"46":562,"47":37,"48":562,"49":562,"50":562,"51":10,"52":2,"53":562,"54":562,"55":0,"56":562,"57":575,"58":575,"59":1,"60":2,"61":556,"62":562,"63":562,"64":0,"65":562,"66":562,"67":562,"68":562,"69":562,"70":562,"71":2,"72":106,"73":45,"74":45,"75":45,"76":45,"77":45,"78":106,"79":93,"80":106,"81":106,"82":56,"83":56,"84":54,"85":54,"86":54,"87":2,"88":2,"89":12,"90":2,"91":2,"92":3,"93":2,"94":2,"95":12,"96":12,"97":11,"98":1,"99":2,"100":2,"101":37,"102":1,"103":1,"104":36,"105":36,"106":46,"107":36,"108":2,"109":2,"110":210,"111":36,"112":36,"113":210,"114":210,"115":2,"116":2,"117":47,"118":47,"119":47,"120":47,"121":47,"122":47,"123":47,"124":2,"125":2,"126":8,"127":8,"128":2,"129":8,"130":2,"131":2},"f":{"0":562,"1":562,"2":607,"3":562,"4":562,"5":562,"6":575,"7":556,"8":106,"9":56,"10":12,"11":3,"12":12,"13":37,"14":46,"15":210,"16":47,"17":8,"18":2},"b":{"0":[37],"1":[10],"2":[0],"3":[562,562],"4":[1,0],"5":[0],"6":[45],"7":[45,1],"8":[93],"9":[54],"10":[54],"11":[12,3],"12":[11],"13":[12,1],"14":[1],"15":[36]}}
,"/Users/gmuthurakku/Desktop/Assignments/TradePlus/tradepulse-app/src/engines/TradeEngine/index.ts": {"path":"/Users/gmuthurakku/Desktop/Assignments/TradePlus/tradepulse-app/src/engines/TradeEngine/index.ts","statementMap":{"0":{"start":{"line":30,"column":0},"end":{"line":30,"column":68}},"1":{"start":{"line":33,"column":0},"end":{"line":33,"column":56}},"2":{"start":{"line":34,"column":0},"end":{"line":34,"column":58}},"3":{"start":{"line":37,"column":0},"end":{"line":37,"column":55}},"4":{"start":{"line":38,"column":0},"end":{"line":38,"column":69}},"5":{"start":{"line":42,"column":27},"end":{"line":47,"column":2}},"6":{"start":{"line":49,"column":28},"end":{"line":49,"column":30}},"7":{"start":{"line":50,"column":18},"end":{"line":50,"column":23}},"8":{"start":{"line":51,"column":20},"end":{"line":51,"column":21}},"9":{"start":{"line":52,"column":20},"end":{"line":52,"column":24}},"10":{"start":{"line":57,"column":28},"end":{"line":59,"column":1}},"11":{"start":{"line":58,"column":2},"end":{"line":58,"column":26}},"12":{"start":{"line":57,"column":13},"end":{"line":57,"column":28}},"13":{"start":{"line":64,"column":31},"end":{"line":66,"column":1}},"14":{"start":{"line":65,"column":2},"end":{"line":65,"column":42}},"15":{"start":{"line":64,"column":13},"end":{"line":64,"column":31}},"16":{"start":{"line":71,"column":27},"end":{"line":73,"column":1}},"17":{"start":{"line":72,"column":2},"end":{"line":72,"column":50}},"18":{"start":{"line":71,"column":13},"end":{"line":71,"column":27}},"19":{"start":{"line":78,"column":36},"end":{"line":81,"column":1}},"20":{"start":{"line":79,"column":20},"end":{"line":79,"column":62}},"21":{"start":{"line":80,"column":2},"end":{"line":80,"column":32}},"22":{"start":{"line":78,"column":13},"end":{"line":78,"column":36}},"23":{"start":{"line":123,"column":28},"end":{"line":205,"column":1}},"24":{"start":{"line":125,"column":2},"end":{"line":130,"column":3}},"25":{"start":{"line":126,"column":4},"end":{"line":129,"column":6}},"26":{"start":{"line":133,"column":2},"end":{"line":139,"column":3}},"27":{"start":{"line":134,"column":22},"end":{"line":134,"column":44}},"28":{"start":{"line":135,"column":4},"end":{"line":138,"column":6}},"29":{"start":{"line":141,"column":2},"end":{"line":204,"column":3}},"30":{"start":{"line":143,"column":4},"end":{"line":143,"column":23}},"31":{"start":{"line":146,"column":23},"end":{"line":146,"column":63}},"32":{"start":{"line":148,"column":4},"end":{"line":153,"column":5}},"33":{"start":{"line":149,"column":6},"end":{"line":152,"column":8}},"34":{"start":{"line":156,"column":20},"end":{"line":156,"column":37}},"35":{"start":{"line":157,"column":22},"end":{"line":157,"column":32}},"36":{"start":{"line":162,"column":4},"end":{"line":180,"column":5}},"37":{"start":{"line":163,"column":6},"end":{"line":172,"column":7}},"38":{"start":{"line":164,"column":8},"end":{"line":164,"column":73}},"39":{"start":{"line":165,"column":13},"end":{"line":172,"column":7}},"40":{"start":{"line":166,"column":8},"end":{"line":166,"column":74}},"41":{"start":{"line":168,"column":8},"end":{"line":171,"column":10}},"42":{"start":{"line":175,"column":6},"end":{"line":179,"column":8}},"43":{"start":{"line":183,"column":4},"end":{"line":183,"column":33}},"44":{"start":{"line":184,"column":4},"end":{"line":184,"column":51}},"45":{"start":{"line":187,"column":4},"end":{"line":187,"column":30}},"46":{"start":{"line":190,"column":4},"end":{"line":194,"column":6}},"47":{"start":{"line":197,"column":4},"end":{"line":200,"column":6}},"48":{"start":{"line":203,"column":4},"end":{"line":203,"column":24}},"49":{"start":{"line":123,"column":13},"end":{"line":123,"column":28}},"50":{"start":{"line":210,"column":29},"end":{"line":213,"column":1}},"51":{"start":{"line":211,"column":2},"end":{"line":211,"column":36}},"52":{"start":{"line":212,"column":2},"end":{"line":212,"column":48}},"53":{"start":{"line":210,"column":13},"end":{"line":210,"column":29}},"54":{"start":{"line":218,"column":32},"end":{"line":221,"column":1}},"55":{"start":{"line":219,"column":2},"end":{"line":219,"column":35}},"56":{"start":{"line":220,"column":2},"end":{"line":220,"column":52}},"57":{"start":{"line":218,"column":13},"end":{"line":218,"column":32}},"58":{"start":{"line":226,"column":25},"end":{"line":230,"column":1}},"59":{"start":{"line":227,"column":2},"end":{"line":227,"column":32}},"60":{"start":{"line":228,"column":2},"end":{"line":228,"column":33}},"61":{"start":{"line":229,"column":2},"end":{"line":229,"column":44}},"62":{"start":{"line":226,"column":13},"end":{"line":226,"column":25}},"63":{"start":{"line":235,"column":21},"end":{"line":245,"column":1}},"64":{"start":{"line":236,"column":2},"end":{"line":241,"column":4}},"65":{"start":{"line":242,"column":2},"end":{"line":242,"column":20}},"66":{"start":{"line":243,"column":2},"end":{"line":243,"column":22}},"67":{"start":{"line":244,"column":2},"end":{"line":244,"column":20}},"68":{"start":{"line":235,"column":13},"end":{"line":235,"column":21}},"69":{"start":{"line":272,"column":35},"end":{"line":276,"column":1}},"70":{"start":{"line":275,"column":2},"end":{"line":275,"column":61}},"71":{"start":{"line":272,"column":13},"end":{"line":272,"column":35}},"72":{"start":{"line":283,"column":0},"end":{"line":303,"column":2}}},"fnMap":{"0":{"name":"(anonymous_0)","decl":{"start":{"line":57,"column":28},"end":{"line":57,"column":42}},"loc":{"start":{"line":57,"column":44},"end":{"line":59,"column":1}}},"1":{"name":"(anonymous_1)","decl":{"start":{"line":64,"column":31},"end":{"line":64,"column":52}},"loc":{"start":{"line":64,"column":54},"end":{"line":66,"column":1}}},"2":{"name":"(anonymous_2)","decl":{"start":{"line":71,"column":27},"end":{"line":71,"column":39}},"loc":{"start":{"line":71,"column":41},"end":{"line":73,"column":1}}},"3":{"name":"(anonymous_3)","decl":{"start":{"line":78,"column":36},"end":{"line":78,"column":47}},"loc":{"start":{"line":78,"column":49},"end":{"line":81,"column":1}}},"4":{"name":"(anonymous_4)","decl":{"start":{"line":123,"column":28},"end":{"line":123,"column":29}},"loc":{"start":{"line":123,"column":67},"end":{"line":205,"column":1}}},"5":{"name":"(anonymous_5)","decl":{"start":{"line":210,"column":29},"end":{"line":210,"column":30}},"loc":{"start":{"line":210,"column":65},"end":{"line":213,"column":1}}},"6":{"name":"(anonymous_6)","decl":{"start":{"line":218,"column":32},"end":{"line":218,"column":33}},"loc":{"start":{"line":218,"column":64},"end":{"line":221,"column":1}}},"7":{"name":"(anonymous_7)","decl":{"start":{"line":226,"column":25},"end":{"line":226,"column":26}},"loc":{"start":{"line":226,"column":84},"end":{"line":230,"column":1}}},"8":{"name":"(anonymous_8)","decl":{"start":{"line":235,"column":21},"end":{"line":235,"column":30}},"loc":{"start":{"line":235,"column":32},"end":{"line":245,"column":1}}},"9":{"name":"(anonymous_9)","decl":{"start":{"line":272,"column":35},"end":{"line":272,"column":null}},"loc":{"start":{"line":274,"column":30},"end":{"line":276,"column":1}}}},"branchMap":{"0":{"loc":{"start":{"line":125,"column":2},"end":{"line":130,"column":3}},"type":"if","locations":[{"start":{"line":125,"column":2},"end":{"line":130,"column":3}}]},"1":{"loc":{"start":{"line":133,"column":2},"end":{"line":139,"column":3}},"type":"if","locations":[{"start":{"line":133,"column":2},"end":{"line":139,"column":3}}]},"2":{"loc":{"start":{"line":148,"column":4},"end":{"line":153,"column":5}},"type":"if","locations":[{"start":{"line":148,"column":4},"end":{"line":153,"column":5}}]},"3":{"loc":{"start":{"line":151,"column":15},"end":{"line":151,"column":58}},"type":"binary-expr","locations":[{"start":{"line":151,"column":15},"end":{"line":151,"column":31}},{"start":{"line":151,"column":35},"end":{"line":151,"column":58}}]},"4":{"loc":{"start":{"line":163,"column":6},"end":{"line":172,"column":7}},"type":"if","locations":[{"start":{"line":163,"column":6},"end":{"line":172,"column":7}},{"start":{"line":165,"column":13},"end":{"line":172,"column":7}}]},"5":{"loc":{"start":{"line":165,"column":13},"end":{"line":172,"column":7}},"type":"if","locations":[{"start":{"line":165,"column":13},"end":{"line":172,"column":7}},{"start":{"line":167,"column":13},"end":{"line":172,"column":7}}]},"6":{"loc":{"start":{"line":178,"column":15},"end":{"line":178,"column":54}},"type":"binary-expr","locations":[{"start":{"line":178,"column":15},"end":{"line":178,"column":26}},{"start":{"line":178,"column":30},"end":{"line":178,"column":54}}]},"7":{"loc":{"start":{"line":199,"column":13},"end":{"line":199,"column":69}},"type":"cond-expr","locations":[{"start":{"line":199,"column":38},"end":{"line":199,"column":51}},{"start":{"line":199,"column":54},"end":{"line":199,"column":69}}]}},"s":{"0":2,"1":2,"2":2,"3":2,"4":2,"5":2,"6":2,"7":2,"8":2,"9":2,"10":2,"11":178,"12":2,"13":2,"14":6,"15":2,"16":2,"17":72,"18":2,"19":2,"20":5,"21":5,"22":2,"23":2,"24":70,"25":0,"26":70,"27":1,"28":1,"29":69,"30":69,"31":69,"32":69,"33":13,"34":56,"35":56,"36":56,"37":56,"38":46,"39":10,"40":10,"41":0,"42":0,"43":56,"44":56,"45":56,"46":56,"47":0,"48":69,"49":2,"50":2,"51":3,"52":3,"53":2,"54":2,"55":2,"56":2,"57":2,"58":2,"59":1,"60":1,"61":1,"62":2,"63":2,"64":92,"65":92,"66":92,"67":92,"68":2,"69":2,"70":5,"71":2,"72":2},"f":{"0":178,"1":6,"2":72,"3":5,"4":70,"5":3,"6":2,"7":1,"8":92,"9":5},"b":{"0":[0],"1":[1],"2":[13],"3":[13,0],"4":[46,10],"5":[10,0],"6":[0,0],"7":[0,0]}}
,"/Users/gmuthurakku/Desktop/Assignments/TradePlus/tradepulse-app/src/engines/TradeEngine/commands/executeBuy.ts": {"path":"/Users/gmuthurakku/Desktop/Assignments/TradePlus/tradepulse-app/src/engines/TradeEngine/commands/executeBuy.ts","statementMap":{"0":{"start":{"line":77,"column":0},"end":{"line":77,"column":16}},"1":{"start":{"line":25,"column":0},"end":{"line":25,"column":null}},"2":{"start":{"line":83,"column":2},"end":{"line":164,"column":3}},"3":{"start":{"line":85,"column":22},"end":{"line":85,"column":52}},"4":{"start":{"line":86,"column":23},"end":{"line":86,"column":52}},"5":{"start":{"line":87,"column":21},"end":{"line":87,"column":37}},"6":{"start":{"line":90,"column":23},"end":{"line":90,"column":69}},"7":{"start":{"line":93,"column":25},"end":{"line":93,"column":60}},"8":{"start":{"line":96,"column":29},"end":{"line":96,"column":64}},"9":{"start":{"line":97,"column":22},"end":{"line":97,"column":51}},"10":{"start":{"line":98,"column":28},"end":{"line":98,"column":91}},"11":{"start":{"line":101,"column":28},"end":{"line":105,"column":null}},"12":{"start":{"line":109,"column":34},"end":{"line":113,"column":6}},"13":{"start":{"line":116,"column":26},"end":{"line":121,"column":null}},"14":{"start":{"line":126,"column":25},"end":{"line":137,"column":6}},"15":{"start":{"line":139,"column":4},"end":{"line":142,"column":6}},"16":{"start":{"line":145,"column":30},"end":{"line":157,"column":6}},"17":{"start":{"line":159,"column":4},"end":{"line":163,"column":6}},"18":{"start":{"line":271,"column":13},"end":{"line":425,"column":2}},"19":{"start":{"line":276,"column":33},"end":{"line":281,"column":6}},"20":{"start":{"line":283,"column":34},"end":{"line":288,"column":6}},"21":{"start":{"line":290,"column":19},"end":{"line":290,"column":76}},"22":{"start":{"line":293,"column":4},"end":{"line":296,"column":5}},"23":{"start":{"line":294,"column":6},"end":{"line":294,"column":51}},"24":{"start":{"line":295,"column":6},"end":{"line":295,"column":19}},"25":{"start":{"line":299,"column":21},"end":{"line":299,"column":55}},"26":{"start":{"line":300,"column":4},"end":{"line":303,"column":5}},"27":{"start":{"line":301,"column":6},"end":{"line":301,"column":54}},"28":{"start":{"line":302,"column":6},"end":{"line":302,"column":19}},"29":{"start":{"line":306,"column":4},"end":{"line":309,"column":5}},"30":{"start":{"line":307,"column":6},"end":{"line":307,"column":46}},"31":{"start":{"line":308,"column":6},"end":{"line":308,"column":19}},"32":{"start":{"line":311,"column":4},"end":{"line":311,"column":16}},"33":{"start":{"line":318,"column":33},"end":{"line":325,"column":6}},"34":{"start":{"line":327,"column":34},"end":{"line":332,"column":6}},"35":{"start":{"line":334,"column":19},"end":{"line":334,"column":76}},"36":{"start":{"line":337,"column":4},"end":{"line":340,"column":5}},"37":{"start":{"line":338,"column":6},"end":{"line":338,"column":63}},"38":{"start":{"line":339,"column":6},"end":{"line":339,"column":19}},"39":{"start":{"line":343,"column":21},"end":{"line":343,"column":55}},"40":{"start":{"line":344,"column":4},"end":{"line":347,"column":5}},"41":{"start":{"line":345,"column":6},"end":{"line":345,"column":52}},"42":{"start":{"line":346,"column":6},"end":{"line":346,"column":19}},"43":{"start":{"line":350,"column":4},"end":{"line":353,"column":5}},"44":{"start":{"line":351,"column":6},"end":{"line":351,"column":85}},"45":{"start":{"line":352,"column":6},"end":{"line":352,"column":19}},"46":{"start":{"line":355,"column":4},"end":{"line":355,"column":16}},"47":{"start":{"line":362,"column":33},"end":{"line":369,"column":6}},"48":{"start":{"line":371,"column":34},"end":{"line":376,"column":6}},"49":{"start":{"line":378,"column":19},"end":{"line":378,"column":76}},"50":{"start":{"line":381,"column":4},"end":{"line":384,"column":5}},"51":{"start":{"line":382,"column":6},"end":{"line":382,"column":57}},"52":{"start":{"line":383,"column":6},"end":{"line":383,"column":19}},"53":{"start":{"line":387,"column":25},"end":{"line":387,"column":59}},"54":{"start":{"line":388,"column":4},"end":{"line":391,"column":5}},"55":{"start":{"line":389,"column":6},"end":{"line":389,"column":62}},"56":{"start":{"line":390,"column":6},"end":{"line":390,"column":19}},"57":{"start":{"line":394,"column":26},"end":{"line":394,"column":61}},"58":{"start":{"line":395,"column":4},"end":{"line":398,"column":5}},"59":{"start":{"line":396,"column":6},"end":{"line":396,"column":46}},"60":{"start":{"line":397,"column":6},"end":{"line":397,"column":19}},"61":{"start":{"line":400,"column":4},"end":{"line":400,"column":16}},"62":{"start":{"line":407,"column":4},"end":{"line":407,"column":51}},"63":{"start":{"line":409,"column":20},"end":{"line":413,"column":6}},"64":{"start":{"line":415,"column":22},"end":{"line":415,"column":43}},"65":{"start":{"line":415,"column":41},"end":{"line":415,"column":42}},"66":{"start":{"line":417,"column":4},"end":{"line":421,"column":5}},"67":{"start":{"line":418,"column":6},"end":{"line":418,"column":55}},"68":{"start":{"line":420,"column":6},"end":{"line":420,"column":58}},"69":{"start":{"line":423,"column":4},"end":{"line":423,"column":21}}},"fnMap":{"0":{"name":"executeBuyTrade","decl":{"start":{"line":77,"column":16},"end":{"line":77,"column":31}},"loc":{"start":{"line":81,"column":19},"end":{"line":165,"column":1}}},"1":{"name":"(anonymous_1)","decl":{"start":{"line":275,"column":2},"end":{"line":275,"column":19}},"loc":{"start":{"line":275,"column":19},"end":{"line":312,"column":3}}},"2":{"name":"(anonymous_2)","decl":{"start":{"line":317,"column":2},"end":{"line":317,"column":19}},"loc":{"start":{"line":317,"column":19},"end":{"line":356,"column":3}}},"3":{"name":"(anonymous_3)","decl":{"start":{"line":361,"column":2},"end":{"line":361,"column":23}},"loc":{"start":{"line":361,"column":23},"end":{"line":401,"column":3}}},"4":{"name":"(anonymous_4)","decl":{"start":{"line":406,"column":2},"end":{"line":406,"column":8}},"loc":{"start":{"line":406,"column":8},"end":{"line":424,"column":3}}},"5":{"name":"(anonymous_5)","decl":{"start":{"line":415,"column":36},"end":{"line":415,"column":37}},"loc":{"start":{"line":415,"column":41},"end":{"line":415,"column":42}}}},"branchMap":{"0":{"loc":{"start":{"line":97,"column":22},"end":{"line":97,"column":51}},"type":"binary-expr","locations":[{"start":{"line":97,"column":22},"end":{"line":97,"column":46}},{"start":{"line":97,"column":50},"end":{"line":97,"column":51}}]},"1":{"loc":{"start":{"line":97,"column":22},"end":{"line":97,"column":46}},"type":"cond-expr","locations":[{"start":{"line":97,"column":38},"end":{"line":97,"column":40}},{"start":{"line":97,"column":22},"end":{"line":97,"column":46}}]},"2":{"loc":{"start":{"line":97,"column":22},"end":{"line":97,"column":40}},"type":"binary-expr","locations":[{"start":{"line":97,"column":22},"end":{"line":97,"column":40}},{"start":{"line":97,"column":22},"end":{"line":97,"column":40}}]},"3":{"loc":{"start":{"line":98,"column":28},"end":{"line":98,"column":91}},"type":"cond-expr","locations":[{"start":{"line":98,"column":47},"end":{"line":98,"column":87}},{"start":{"line":98,"column":90},"end":{"line":98,"column":91}}]},"4":{"loc":{"start":{"line":130,"column":17},"end":{"line":130,"column":46}},"type":"binary-expr","locations":[{"start":{"line":130,"column":17},"end":{"line":130,"column":34}},{"start":{"line":130,"column":38},"end":{"line":130,"column":46}}]},"5":{"loc":{"start":{"line":149,"column":17},"end":{"line":149,"column":46}},"type":"binary-expr","locations":[{"start":{"line":149,"column":17},"end":{"line":149,"column":34}},{"start":{"line":149,"column":38},"end":{"line":149,"column":46}}]},"6":{"loc":{"start":{"line":156,"column":13},"end":{"line":156,"column":69}},"type":"cond-expr","locations":[{"start":{"line":156,"column":38},"end":{"line":156,"column":51}},{"start":{"line":156,"column":54},"end":{"line":156,"column":69}}]},"7":{"loc":{"start":{"line":162,"column":13},"end":{"line":162,"column":69}},"type":"cond-expr","locations":[{"start":{"line":162,"column":38},"end":{"line":162,"column":51}},{"start":{"line":162,"column":54},"end":{"line":162,"column":69}}]},"8":{"loc":{"start":{"line":293,"column":4},"end":{"line":296,"column":5}},"type":"if","locations":[{"start":{"line":293,"column":4},"end":{"line":296,"column":5}}]},"9":{"loc":{"start":{"line":300,"column":4},"end":{"line":303,"column":5}},"type":"if","locations":[{"start":{"line":300,"column":4},"end":{"line":303,"column":5}}]},"10":{"loc":{"start":{"line":300,"column":8},"end":{"line":300,"column":86}},"type":"binary-expr","locations":[{"start":{"line":300,"column":8},"end":{"line":300,"column":17}},{"start":{"line":300,"column":21},"end":{"line":300,"column":43}},{"start":{"line":300,"column":47},"end":{"line":300,"column":86}}]},"11":{"loc":{"start":{"line":306,"column":4},"end":{"line":309,"column":5}},"type":"if","locations":[{"start":{"line":306,"column":4},"end":{"line":309,"column":5}}]},"12":{"loc":{"start":{"line":306,"column":8},"end":{"line":306,"column":67}},"type":"binary-expr","locations":[{"start":{"line":306,"column":8},"end":{"line":306,"column":35}},{"start":{"line":306,"column":39},"end":{"line":306,"column":67}}]},"13":{"loc":{"start":{"line":337,"column":4},"end":{"line":340,"column":5}},"type":"if","locations":[{"start":{"line":337,"column":4},"end":{"line":340,"column":5}}]},"14":{"loc":{"start":{"line":344,"column":4},"end":{"line":347,"column":5}},"type":"if","locations":[{"start":{"line":344,"column":4},"end":{"line":347,"column":5}}]},"15":{"loc":{"start":{"line":344,"column":8},"end":{"line":344,"column":43}},"type":"binary-expr","locations":[{"start":{"line":344,"column":8},"end":{"line":344,"column":17}},{"start":{"line":344,"column":21},"end":{"line":344,"column":43}}]},"16":{"loc":{"start":{"line":350,"column":4},"end":{"line":353,"column":5}},"type":"if","locations":[{"start":{"line":350,"column":4},"end":{"line":353,"column":5}}]},"17":{"loc":{"start":{"line":381,"column":4},"end":{"line":384,"column":5}},"type":"if","locations":[{"start":{"line":381,"column":4},"end":{"line":384,"column":5}}]},"18":{"loc":{"start":{"line":381,"column":8},"end":{"line":381,"column":83}},"type":"binary-expr","locations":[{"start":{"line":381,"column":8},"end":{"line":381,"column":43}},{"start":{"line":381,"column":47},"end":{"line":381,"column":83}}]},"19":{"loc":{"start":{"line":388,"column":4},"end":{"line":391,"column":5}},"type":"if","locations":[{"start":{"line":388,"column":4},"end":{"line":391,"column":5}}]},"20":{"loc":{"start":{"line":388,"column":8},"end":{"line":388,"column":81}},"type":"binary-expr","locations":[{"start":{"line":388,"column":8},"end":{"line":388,"column":34}},{"start":{"line":388,"column":38},"end":{"line":388,"column":81}}]},"21":{"loc":{"start":{"line":395,"column":4},"end":{"line":398,"column":5}},"type":"if","locations":[{"start":{"line":395,"column":4},"end":{"line":398,"column":5}}]},"22":{"loc":{"start":{"line":395,"column":8},"end":{"line":395,"column":82}},"type":"binary-expr","locations":[{"start":{"line":395,"column":8},"end":{"line":395,"column":34}},{"start":{"line":395,"column":38},"end":{"line":395,"column":82}}]},"23":{"loc":{"start":{"line":417,"column":4},"end":{"line":421,"column":5}},"type":"if","locations":[{"start":{"line":417,"column":4},"end":{"line":421,"column":5}},{"start":{"line":419,"column":11},"end":{"line":421,"column":5}}]}},"s":{"0":2,"1":2,"2":46,"3":46,"4":46,"5":46,"6":46,"7":46,"8":46,"9":46,"10":46,"11":46,"12":46,"13":46,"14":46,"15":46,"16":0,"17":0,"18":2,"19":0,"20":0,"21":0,"22":0,"23":0,"24":0,"25":0,"26":0,"27":0,"28":0,"29":0,"30":0,"31":0,"32":0,"33":0,"34":0,"35":0,"36":0,"37":0,"38":0,"39":0,"40":0,"41":0,"42":0,"43":0,"44":0,"45":0,"46":0,"47":0,"48":0,"49":0,"50":0,"51":0,"52":0,"53":0,"54":0,"55":0,"56":0,"57":0,"58":0,"59":0,"60":0,"61":0,"62":0,"63":0,"64":0,"65":0,"66":0,"67":0,"68":0,"69":0},"f":{"0":46,"1":0,"2":0,"3":0,"4":0,"5":0},"b":{"0":[46,45],"1":[45,1],"2":[46,46],"3":[1,45],"4":[46,0],"5":[0,0],"6":[0,0],"7":[0,0],"8":[0],"9":[0],"10":[0,0,0],"11":[0],"12":[0,0],"13":[0],"14":[0],"15":[0,0],"16":[0],"17":[0],"18":[0,0],"19":[0],"20":[0,0],"21":[0],"22":[0,0],"23":[0,0]}}
,"/Users/gmuthurakku/Desktop/Assignments/TradePlus/tradepulse-app/src/engines/TradeEngine/commands/executeSell.ts": {"path":"/Users/gmuthurakku/Desktop/Assignments/TradePlus/tradepulse-app/src/engines/TradeEngine/commands/executeSell.ts","statementMap":{"0":{"start":{"line":91,"column":0},"end":{"line":91,"column":16}},"1":{"start":{"line":31,"column":0},"end":{"line":31,"column":null}},"2":{"start":{"line":97,"column":2},"end":{"line":198,"column":3}},"3":{"start":{"line":99,"column":22},"end":{"line":99,"column":52}},"4":{"start":{"line":100,"column":23},"end":{"line":100,"column":52}},"5":{"start":{"line":101,"column":21},"end":{"line":101,"column":37}},"6":{"start":{"line":104,"column":23},"end":{"line":104,"column":69}},"7":{"start":{"line":107,"column":25},"end":{"line":107,"column":55}},"8":{"start":{"line":110,"column":29},"end":{"line":110,"column":64}},"9":{"start":{"line":111,"column":4},"end":{"line":113,"column":5}},"10":{"start":{"line":112,"column":6},"end":{"line":112,"column":66}},"11":{"start":{"line":115,"column":22},"end":{"line":115,"column":45}},"12":{"start":{"line":116,"column":25},"end":{"line":116,"column":65}},"13":{"start":{"line":119,"column":28},"end":{"line":122,"column":null}},"14":{"start":{"line":126,"column":31},"end":{"line":126,"column":67}},"15":{"start":{"line":127,"column":31},"end":{"line":127,"column":75}},"16":{"start":{"line":130,"column":22},"end":{"line":130,"column":42}},"17":{"start":{"line":135,"column":4},"end":{"line":149,"column":5}},"18":{"start":{"line":137,"column":67},"end":{"line":137,"column":86}},"19":{"start":{"line":137,"column":15},"end":{"line":137,"column":30}},"20":{"start":{"line":137,"column":39},"end":{"line":137,"column":44}},"21":{"start":{"line":137,"column":62},"end":{"line":137,"column":67}},"22":{"start":{"line":138,"column":6},"end":{"line":138,"column":44}},"23":{"start":{"line":141,"column":6},"end":{"line":148,"column":8}},"24":{"start":{"line":152,"column":26},"end":{"line":156,"column":null}},"25":{"start":{"line":160,"column":25},"end":{"line":171,"column":6}},"26":{"start":{"line":173,"column":4},"end":{"line":176,"column":6}},"27":{"start":{"line":179,"column":30},"end":{"line":191,"column":6}},"28":{"start":{"line":193,"column":4},"end":{"line":197,"column":6}},"29":{"start":{"line":366,"column":13},"end":{"line":551,"column":2}},"30":{"start":{"line":371,"column":33},"end":{"line":378,"column":6}},"31":{"start":{"line":380,"column":34},"end":{"line":385,"column":6}},"32":{"start":{"line":387,"column":19},"end":{"line":387,"column":77}},"33":{"start":{"line":390,"column":4},"end":{"line":393,"column":5}},"34":{"start":{"line":391,"column":6},"end":{"line":391,"column":80}},"35":{"start":{"line":392,"column":6},"end":{"line":392,"column":19}},"36":{"start":{"line":396,"column":21},"end":{"line":396,"column":55}},"37":{"start":{"line":397,"column":4},"end":{"line":400,"column":5}},"38":{"start":{"line":398,"column":6},"end":{"line":398,"column":54}},"39":{"start":{"line":399,"column":6},"end":{"line":399,"column":19}},"40":{"start":{"line":403,"column":4},"end":{"line":406,"column":5}},"41":{"start":{"line":404,"column":6},"end":{"line":404,"column":62}},"42":{"start":{"line":405,"column":6},"end":{"line":405,"column":19}},"43":{"start":{"line":409,"column":4},"end":{"line":412,"column":5}},"44":{"start":{"line":410,"column":6},"end":{"line":410,"column":93}},"45":{"start":{"line":411,"column":6},"end":{"line":411,"column":19}},"46":{"start":{"line":414,"column":4},"end":{"line":414,"column":16}},"47":{"start":{"line":421,"column":33},"end":{"line":428,"column":6}},"48":{"start":{"line":430,"column":34},"end":{"line":435,"column":6}},"49":{"start":{"line":437,"column":19},"end":{"line":437,"column":77}},"50":{"start":{"line":440,"column":4},"end":{"line":443,"column":5}},"51":{"start":{"line":441,"column":6},"end":{"line":441,"column":80}},"52":{"start":{"line":442,"column":6},"end":{"line":442,"column":19}},"53":{"start":{"line":446,"column":4},"end":{"line":449,"column":5}},"54":{"start":{"line":447,"column":6},"end":{"line":447,"column":94}},"55":{"start":{"line":448,"column":6},"end":{"line":448,"column":19}},"56":{"start":{"line":451,"column":4},"end":{"line":451,"column":16}},"57":{"start":{"line":458,"column":33},"end":{"line":465,"column":6}},"58":{"start":{"line":467,"column":34},"end":{"line":472,"column":6}},"59":{"start":{"line":474,"column":19},"end":{"line":474,"column":77}},"60":{"start":{"line":477,"column":4},"end":{"line":480,"column":5}},"61":{"start":{"line":478,"column":6},"end":{"line":478,"column":71}},"62":{"start":{"line":479,"column":6},"end":{"line":479,"column":19}},"63":{"start":{"line":483,"column":4},"end":{"line":486,"column":5}},"64":{"start":{"line":484,"column":6},"end":{"line":484,"column":68}},"65":{"start":{"line":485,"column":6},"end":{"line":485,"column":19}},"66":{"start":{"line":489,"column":4},"end":{"line":492,"column":5}},"67":{"start":{"line":490,"column":6},"end":{"line":490,"column":46}},"68":{"start":{"line":491,"column":6},"end":{"line":491,"column":19}},"69":{"start":{"line":494,"column":4},"end":{"line":494,"column":16}},"70":{"start":{"line":501,"column":31},"end":{"line":508,"column":6}},"71":{"start":{"line":510,"column":34},"end":{"line":515,"column":6}},"72":{"start":{"line":517,"column":19},"end":{"line":517,"column":77}},"73":{"start":{"line":520,"column":4},"end":{"line":523,"column":5}},"74":{"start":{"line":521,"column":6},"end":{"line":521,"column":95}},"75":{"start":{"line":522,"column":6},"end":{"line":522,"column":19}},"76":{"start":{"line":525,"column":4},"end":{"line":525,"column":16}},"77":{"start":{"line":532,"column":4},"end":{"line":532,"column":52}},"78":{"start":{"line":534,"column":20},"end":{"line":539,"column":6}},"79":{"start":{"line":541,"column":22},"end":{"line":541,"column":43}},"80":{"start":{"line":541,"column":41},"end":{"line":541,"column":42}},"81":{"start":{"line":543,"column":4},"end":{"line":547,"column":5}},"82":{"start":{"line":544,"column":6},"end":{"line":544,"column":56}},"83":{"start":{"line":546,"column":6},"end":{"line":546,"column":59}
[...]
{"line":312,"column":37}},"108":{"start":{"line":313,"column":8},"end":{"line":313,"column":33}},"109":{"start":{"line":316,"column":26},"end":{"line":316,"column":48}},"110":{"start":{"line":317,"column":23},"end":{"line":317,"column":40}},"111":{"start":{"line":319,"column":6},"end":{"line":324,"column":9}},"112":{"start":{"line":326,"column":6},"end":{"line":330,"column":7}},"113":{"start":{"line":327,"column":8},"end":{"line":329,"column":10}},"114":{"start":{"line":332,"column":6},"end":{"line":332,"column":25}},"115":{"start":{"line":336,"column":6},"end":{"line":339,"column":7}},"116":{"start":{"line":337,"column":8},"end":{"line":337,"column":58}},"117":{"start":{"line":338,"column":8},"end":{"line":338,"column":15}},"118":{"start":{"line":341,"column":21},"end":{"line":341,"column":73}},"119":{"start":{"line":341,"column":49},"end":{"line":341,"column":72}},"120":{"start":{"line":342,"column":22},"end":{"line":342,"column":31}},"121":{"start":{"line":344,"column":6},"end":{"line":356,"column":7}},"122":{"start":{"line":345,"column":8},"end":{"line":345,"column":44}},"123":{"start":{"line":346,"column":8},"end":{"line":355,"column":10}},"124":{"start":{"line":347,"column":41},"end":{"line":354,"column":12}},"125":{"start":{"line":358,"column":6},"end":{"line":358,"column":20}},"126":{"start":{"line":362,"column":6},"end":{"line":362,"column":25}},"127":{"start":{"line":366,"column":6},"end":{"line":366,"column":26}},"128":{"start":{"line":386,"column":6},"end":{"line":386,"column":13}},"129":{"start":{"line":388,"column":22},"end":{"line":388,"column":42}},"130":{"start":{"line":389,"column":26},"end":{"line":389,"column":35}},"131":{"start":{"line":391,"column":2},"end":{"line":391,"column":46}},"132":{"start":{"line":393,"column":2},"end":{"line":419,"column":5}},"133":{"start":{"line":394,"column":21},"end":{"line":394,"column":64}},"134":{"start":{"line":395,"column":16},"end":{"line":395,"column":26}},"135":{"start":{"line":397,"column":4},"end":{"line":397,"column":34}},"136":{"start":{"line":400,"column":4},"end":{"line":404,"column":5}},"137":{"start":{"line":401,"column":6},"end":{"line":403,"column":8}},"138":{"start":{"line":407,"column":25},"end":{"line":407,"column":35}},"139":{"start":{"line":408,"column":26},"end":{"line":408,"column":81}},"140":{"start":{"line":408,"column":61},"end":{"line":408,"column":80}},"141":{"start":{"line":409,"column":4},"end":{"line":409,"column":40}},"142":{"start":{"line":411,"column":4},"end":{"line":418,"column":5}},"143":{"start":{"line":415,"column":6},"end":{"line":417,"column":8}},"144":{"start":{"line":426,"column":13},"end":{"line":436,"column":11}},"145":{"start":{"line":464,"column":6},"end":{"line":464,"column":19}},"146":{"start":{"line":466,"column":2},"end":{"line":468,"column":3}},"147":{"start":{"line":467,"column":4},"end":{"line":467,"column":34}},"148":{"start":{"line":470,"column":2},"end":{"line":472,"column":3}},"149":{"start":{"line":471,"column":4},"end":{"line":471,"column":33}},"150":{"start":{"line":474,"column":2},"end":{"line":476,"column":3}},"151":{"start":{"line":475,"column":4},"end":{"line":475,"column":45}},"152":{"start":{"line":478,"column":2},"end":{"line":480,"column":3}},"153":{"start":{"line":479,"column":4},"end":{"line":479,"column":40}},"154":{"start":{"line":482,"column":2},"end":{"line":484,"column":3}},"155":{"start":{"line":483,"column":4},"end":{"line":483,"column":37}},"156":{"start":{"line":486,"column":2},"end":{"line":488,"column":3}},"157":{"start":{"line":487,"column":4},"end":{"line":487,"column":64}}},"fnMap":{"0":{"name":"useRenderCount","decl":{"start":{"line":38,"column":16},"end":{"line":38,"column":30}},"loc":{"start":{"line":38,"column":52},"end":{"line":53,"column":1}}},"1":{"name":"(anonymous_1)","decl":{"start":{"line":48,"column":12},"end":{"line":48,"column":15}},"loc":{"start":{"line":48,"column":17},"end":{"line":52,"column":3}}},"2":{"name":"useRenderTime","decl":{"start":{"line":59,"column":16},"end":{"line":59,"column":29}},"loc":{"start":{"line":59,"column":51},"end":{"line":79,"column":1}}},"3":{"name":"(anonymous_3)","decl":{"start":{"line":67,"column":12},"end":{"line":67,"column":15}},"loc":{"start":{"line":67,"column":17},"end":{"line":78,"column":3}}},"4":{"name":"useWhyDidYouUpdate","decl":{"start":{"line":85,"column":16},"end":{"line":85,"column":34}},"loc":{"start":{"line":87,"column":32},"end":{"line":118,"column":1}}},"5":{"name":"(anonymous_5)","decl":{"start":{"line":91,"column":12},"end":{"line":91,"column":15}},"loc":{"start":{"line":91,"column":17},"end":{"line":117,"column":3}}},"6":{"name":"(anonymous_6)","decl":{"start":{"line":96,"column":35},"end":{"line":96,"column":36}},"loc":{"start":{"line":96,"column":43},"end":{"line":103,"column":9}}},"7":{"name":"useSubscriptionTracking","decl":{"start":{"line":124,"column":16},"end":{"line":124,"column":39}},"loc":{"start":{"line":126,"column":27},"end":{"line":149,"column":1}}},"8":{"name":"(anonymous_8)","decl":{"start":{"line":130,"column":12},"end":{"line":130,"column":15}},"loc":{"start":{"line":130,"column":17},"end":{"line":148,"column":3}}},"9":{"name":"(anonymous_9)","decl":{"start":{"line":141,"column":11},"end":{"line":141,"column":14}},"loc":{"start":{"line":141,"column":16},"end":{"line":147,"column":5}}},"10":{"name":"useMemoryTracking","decl":{"start":{"line":155,"column":16},"end":{"line":155,"column":33}},"loc":{"start":{"line":155,"column":55},"end":{"line":179,"column":1}}},"11":{"name":"(anonymous_11)","decl":{"start":{"line":158,"column":12},"end":{"line":158,"column":15}},"loc":{"start":{"line":158,"column":17},"end":{"line":178,"column":3}}},"12":{"name":"useLifecycleTracking","decl":{"start":{"line":184,"column":16},"end":{"line":184,"column":36}},"loc":{"start":{"line":184,"column":58},"end":{"line":221,"column":1}}},"13":{"name":"(anonymous_13)","decl":{"start":{"line":197,"column":12},"end":{"line":197,"column":15}},"loc":{"start":{"line":197,"column":17},"end":{"line":220,"column":3}}},"14":{"name":"(anonymous_14)","decl":{"start":{"line":213,"column":11},"end":{"line":213,"column":14}},"loc":{"start":{"line":213,"column":16},"end":{"line":219,"column":5}}},"15":{"name":"createProfiler","decl":{"start":{"line":234,"column":16},"end":{"line":234,"column":30}},"loc":{"start":{"line":234,"column":44},"end":{"line":276,"column":1}}},"16":{"name":"(anonymous_16)","decl":{"start":{"line":241,"column":4},"end":{"line":241,"column":9}},"loc":{"start":{"line":241,"column":9},"end":{"line":243,"column":5}}},"17":{"name":"(anonymous_17)","decl":{"start":{"line":245,"column":4},"end":{"line":245,"column":7}},"loc":{"start":{"line":245,"column":7},"end":{"line":258,"column":5}}},"18":{"name":"(anonymous_18)","decl":{"start":{"line":260,"column":4},"end":{"line":260,"column":9}},"loc":{"start":{"line":260,"column":9},"end":{"line":265,"column":5}}},"19":{"name":"(anonymous_19)","decl":{"start":{"line":267,"column":4},"end":{"line":267,"column":12}},"loc":{"start":{"line":267,"column":12},"end":{"line":274,"column":5}}},"20":{"name":"createBatchProfiler","decl":{"start":{"line":296,"column":16},"end":{"line":296,"column":35}},"loc":{"start":{"line":296,"column":35},"end":{"line":369,"column":1}}},"21":{"name":"(anonymous_21)","decl":{"start":{"line":305,"column":4},"end":{"line":305,"column":11}},"loc":{"start":{"line":305,"column":57},"end":{"line":333,"column":5}}},"22":{"name":"(anonymous_22)","decl":{"start":{"line":335,"column":4},"end":{"line":335,"column":11}},"loc":{"start":{"line":335,"column":11},"end":{"line":359,"column":5}}},"23":{"name":"(anonymous_23)","decl":{"start":{"line":341,"column":39},"end":{"line":341,"column":40}},"loc":{"start":{"line":341,"column":49},"end":{"line":341,"column":72}}},"24":{"name":"(anonymous_24)","decl":{"start":{"line":347,"column":21},"end":{"line":347,"column":22}},"loc":{"start":{"line":347,"column":41},"end":{"line":354,"column":12}}},"25":{"name":"(anonymous_25)","decl":{"start":{"line":361,"column":4},"end":{"line":361,"column":9}},"loc":{"start":{"line":361,"column":9},"end":{"line":363,"column":5}}},"26":{"name":"(anonymous_26)","decl":{"start":{"line":365,"column":4},"end":{"line":365,"column":14}},"loc":{"start":{"line":365,"column":14},"end":{"line":367,"column":5}}},"27":{"name":"usePerformanceMonitor","decl":{"start":{"line":374,"column":16},"end":{"line":374,"column":37}},"loc":{"start":{"line":380,"column":8},"end":{"line":420,"column":1}}},"28":{"name":"(anonymous_28)","decl":{"start":{"line":393,"column":12},"end":{"line":393,"column":15}},"loc":{"start":{"line":393,"column":17},"end":{"line":419,"column":3}}},"29":{"name":"(anonymous_29)","decl":{"start":{"line":408,"column":53},"end":{"line":408,"column":57}},"loc":{"start":{"line":408,"column":61},"end":{"line":408,"column":80}}},"30":{"name":"usePerformanceTracking","decl":{"start":{"line":442,"column":16},"end":{"line":442,"column":38}},"loc":{"start":{"line":455,"column":3},"end":{"line":489,"column":1}}}},"branchMap":{"0":{"loc":{"start":{"line":42,"column":2},"end":{"line":46,"column":3}},"type":"if","locations":[{"start":{"line":42,"column":2},"end":{"line":46,"column":3}},{"start":{"line":44,"column":9},"end":{"line":46,"column":3}}]},"1":{"loc":{"start":{"line":49,"column":4},"end":{"line":51,"column":5}},"type":"if","locations":[{"start":{"line":49,"column":4},"end":{"line":51,"column":5}}]},"2":{"loc":{"start":{"line":73,"column":4},"end":{"line":77,"column":5}},"type":"if","locations":[{"start":{"line":73,"column":4},"end":{"line":77,"column":5}}]},"3":{"loc":{"start":{"line":92,"column":4},"end":{"line":116,"column":5}},"type":"if","locations":[{"start":{"line":92,"column":4},"end":{"line":116,"column":5}}]},"4":{"loc":{"start":{"line":93,"column":6},"end":{"line":113,"column":7}},"type":"if","locations":[{"start":{"line":93,"column":6},"end":{"line":113,"column":7}}]},"5":{"loc":{"start":{"line":97,"column":10},"end":{"line":102,"column":11}},"type":"if","locations":[{"start":{"line":97,"column":10},"end":{"line":102,"column":11}}]},"6":{"loc":{"start":{"line":105,"column":8},"end":{"line":112,"column":9}},"type":"if","locations":[{"start":{"line":105,"column":8},"end":{"line":112,"column":9}},{"start":{"line":108,"column":15},"end":{"line":112,"column":9}}]},"7":{"loc":{"start":{"line":131,"column":4},"end":{"line":133,"column":5}},"type":"if","locations":[{"start":{"line":131,"column":4},"end":{"line":133,"column":5}}]},"8":{"loc":{"start":{"line":135,"column":4},"end":{"line":139,"column":5}},"type":"if","locations":[{"start":{"line":135,"column":4},"end":{"line":139,"column":5}}]},"9":{"loc":{"start":{"line":142,"column":6},"end":{"line":146,"column":7}},"type":"if","locations":[{"start":{"line":142,"column":6},"end":{"line":146,"column":7}}]},"10":{"loc":{"start":{"line":142,"column":10},"end":{"line":142,"column":48}},"type":"binary-expr","locations":[{"start":{"line":142,"column":10},"end":{"line":142,"column":23}},{"start":{"line":142,"column":27},"end":{"line":142,"column":48}}]},"11":{"loc":{"start":{"line":159,"column":4},"end":{"line":177,"column":5}},"type":"if","locations":[{"start":{"line":159,"column":4},"end":{"line":177,"column":5}}]},"12":{"loc":{"start":{"line":161,"column":6},"end":{"line":176,"column":7}},"type":"if","locations":[{"start":{"line":161,"column":6},"end":{"line":176,"column":7}}]},"13":{"loc":{"start":{"line":165,"column":8},"end":{"line":175,"column":9}},"type":"if","locations":[{"start":{"line":165,"column":8},"end":{"line":175,"column":9}},{"start":{"line":170,"column":15},"end":{"line":175,"column":9}}]},"14":{"loc":{"start":{"line":173,"column":75},"end":{"line":173,"column":95}},"type":"cond-expr","locations":[{"start":{"line":173,"column":87},"end":{"line":173,"column":90}},{"start":{"line":173,"column":93},"end":{"line":173,"column":95}}]},"15":{"loc":{"start":{"line":188,"column":2},"end":{"line":193,"column":3}},"type":"if","locations":[{"start":{"line":188,"column":2},"end":{"line":193,"column":3}}]},"16":{"loc":{"start":{"line":190,"column":4},"end":{"line":192,"column":5}},"type":"if","locations":[{"start":{"line":190,"column":4},"end":{"line":192,"column":5}}]},"17":{"loc":{"start":{"line":198,"column":4},"end":{"line":211,"column":5}},"type":"if","locations":[{"start":{"line":198,"column":4},"end":{"line":211,"column":5}},{"start":{"line":205,"column":11},"end":{"line":211,"column":5}}]},"18":{"loc":{"start":{"line":200,"column":6},"end":{"line":204,"column":7}},"type":"if","locations":[{"start":{"line":200,"column":6},"end":{"line":204,"column":7}}]},"19":{"loc":{"start":{"line":206,"column":6},"end":{"line":210,"column":7}},"type":"if","locations":[{"start":{"line":206,"column":6},"end":{"line":210,"column":7}}]},"20":{"loc":{"start":{"line":214,"column":6},"end":{"line":218,"column":7}},"type":"if","locations":[{"start":{"line":214,"column":6},"end":{"line":218,"column":7}}]},"21":{"loc":{"start":{"line":251,"column":6},"end":{"line":255,"column":7}},"type":"if","locations":[{"start":{"line":251,"column":6},"end":{"line":255,"column":7}}]},"22":{"loc":{"start":{"line":271,"column":17},"end":{"line":271,"column":48}},"type":"cond-expr","locations":[{"start":{"line":271,"column":28},"end":{"line":271,"column":44}},{"start":{"line":271,"column":47},"end":{"line":271,"column":48}}]},"23":{"loc":{"start":{"line":305,"column":43},"end":{"line":305,"column":57}},"type":"default-arg","locations":[{"start":{"line":305,"column":56},"end":{"line":305,"column":57}}]},"24":{"loc":{"start":{"line":326,"column":6},"end":{"line":330,"column":7}},"type":"if","locations":[{"start":{"line":326,"column":6},"end":{"line":330,"column":7}}]},"25":{"loc":{"start":{"line":336,"column":6},"end":{"line":339,"column":7}},"type":"if","locations":[{"start":{"line":336,"column":6},"end":{"line":339,"column":7}}]},"26":{"loc":{"start":{"line":344,"column":6},"end":{"line":356,"column":7}},"type":"if","locations":[{"start":{"line":344,"column":6},"end":{"line":356,"column":7}}]},"27":{"loc":{"start":{"line":353,"column":26},"end":{"line":353,"column":124}},"type":"cond-expr","locations":[{"start":{"line":353,"column":40},"end":{"line":353,"column":49}},{"start":{"line":353,"column":52},"end":{"line":353,"column":124}}]},"28":{"loc":{"start":{"line":376,"column":2},"end":{"line":380,"column":8}},"type":"default-arg","locations":[{"start":{"line":380,"column":6},"end":{"line":380,"column":8}}]},"29":{"loc":{"start":{"line":383,"column":4},"end":{"line":383,"column":22}},"type":"default-arg","locations":[{"start":{"line":383,"column":20},"end":{"line":383,"column":22}}]},"30":{"loc":{"start":{"line":384,"column":4},"end":{"line":384,"column":28}},"type":"default-arg","locations":[{"start":{"line":384,"column":26},"end":{"line":384,"column":28}}]},"31":{"loc":{"start":{"line":385,"column":4},"end":{"line":385,"column":32}},"type":"default-arg","locations":[{"start":{"line":385,"column":20},"end":{"line":385,"column":32}}]},"32":{"loc":{"start":{"line":400,"column":4},"end":{"line":404,"column":5}},"type":"if","locations":[{"start":{"line":400,"column":4},"end":{"line":404,"column":5}}]},"33":{"loc":{"start":{"line":400,"column":8},"end":{"line":400,"column":49}},"type":"binary-expr","locations":[{"start":{"line":400,"column":8},"end":{"line":400,"column":32}},{"start":{"line":400,"column":36},"end":{"line":400,"column":49}}]},"34":{"loc":{"start":{"line":411,"column":4},"end":{"line":418,"column":5}},"type":"if","locations":[{"start":{"line":411,"column":4},"end":{"line":418,"column":5}}]},"35":{"loc":{"start":{"line":412,"column":6},"end":{"line":413,"column":19}},"type":"binary-expr","locations":[{"start":{"line":412,"column":6},"end":{"line":412,"column":48}},{"start":{"line":413,"column":6},"end":{"line":413,"column":19}}]},"36":{"loc":{"start":{"line":458,"column":4},"end":{"line":458,"column":27}},"type":"default-arg","locations":[{"start":{"line":458,"column":23},"end":{"line":458,"column":27}}]},"37":{"loc":{"start":{"line":459,"column":4},"end":{"line":459,"column":26}},"type":"default-arg","locations":[{"start":{"line":459,"column":22},"end":{"line":459,"column":26}}]},"38":{"loc":{"start":{"line":460,"column":4},"end":{"line":460,"column":28}},"type":"default-arg","locations":[{"start":{"line":460,"column":23},"end":{"line":460,"column":28}}]},"39":{"loc":{"start":{"line":461,"column":4},"end":{"line":461,"column":26}},"type":"default-arg","locations":[{"start":{"line":461,"column":21},"end":{"line":461,"column":26}}]},"40":{"loc":{"start":{"line":462,"column":4},"end":{"line":462,"column":23}},"type":"default-arg","locations":[{"start":{"line":462,"column":18},"end":{"line":462,"column":23}}]},"41":{"loc":{"start":{"line":464,"column":6},"end":{"line":464,"column":19}},"type":"binary-expr","locations":[{"start":{"line":464,"column":6},"end":{"line":464,"column":13}},{"start":{"line":464,"column":17},"end":{"line":464,"column":19}}]},"42":{"loc":{"start":{"line":466,"column":2},"end":{"line":468,"column":3}},"type":"if","locations":[{"start":{"line":466,"column":2},"end":{"line":468,"column":3}}]},"43":{"loc":{"start":{"line":470,"column":2},"end":{"line":472,"column":3}},"type":"if","locations":[{"start":{"line":470,"column":2},"end":{"line":472,"column":3}}]},"44":{"loc":{"start":{"line":474,"column":2},"end":{"line":476,"column":3}},"type":"if","locations":[{"start":{"line":474,"column":2},"end":{"line":476,"column":3}}]},"45":{"loc":{"start":{"line":474,"column":6},"end":{"line":474,"column":31}},"type":"binary-expr","locations":[{"start":{"line":474,"column":6},"end":{"line":474,"column":22}},{"start":{"line":474,"column":26},"end":{"line":474,"column":31}}]},"46":{"loc":{"start":{"line":478,"column":2},"end":{"line":480,"column":3}},"type":"if","locations":[{"start":{"line":478,"column":2},"end":{"line":480,"column":3}}]},"47":{"loc":{"start":{"line":482,"column":2},"end":{"line":484,"column":3}},"type":"if","locations":[{"start":{"line":482,"column":2},"end":{"line":484,"column":3}}]},"48":{"loc":{"start":{"line":486,"column":2},"end":{"line":488,"column":3}},"type":"if","locations":[{"start":{"line":486,"column":2},"end":{"line":488,"column":3}}]}},"s":{"0":0,"1":0,"2":0,"3":0,"4":0,"5":0,"6":0,"7":0,"8":0,"9":0,"10":0,"11":0,"12":0,"13":0,"14":0,"15":0,"16":0,"17":0,"18":0,"19":0,"20":0,"21":0,"22":0,"23":0,"24":0,"25":0,"26":0,"27":0,"28":0,"29":0,"30":0,"31":0,"32":0,"33":0,"34":0,"35":0,"36":0,"37":0,"38":0,"39":0,"40":0,"41":0,"42":0,"43":0,"44":0,"45":0,"46":0,"47":0,"48":0,"49":0,"50":0,"51":0,"52":0,"53":0,"54":0,"55":0,"56":0,"57":0,"58":0,"59":0,"60":0,"61":0,"62":0,"63":0,"64":0,"65":0,"66":0,"67":0,"68":0,"69":0,"70":0,"71":0,"72":0,"73":0,"74":0,"75":0,"76":0,"77":0,"78":0,"79":0,"80":0,"81":0,"82":0,"83":0,"84":0,"85":0,"86":0,"87":0,"88":0,"89":0,"90":0,"91":0,"92":0,"93":0,"94":0,"95":0,"96":0,"97":0,"98":0,"99":0,"100":0,"101":0,"102":0,"103":0,"104":0,"105":0,"106":0,"107":0,"108":0,"109":0,"110":0,"111":0,"112":0,"113":0,"114":0,"115":0,"116":0,"117":0,"118":0,"119":0,"120":0,"121":0,"122":0,"123":0,"124":0,"125":0,"126":0,"127":0,"128":0,"129":0,"130":0,"131":0,"132":0,"133":0,"134":0,"135":0,"136":0,"137":0,"138":0,"139":0,"140":0,"141":0,"142":0,"143":0,"144":0,"145":0,"146":0,"147":0,"148":0,"149":0,"150":0,"151":0,"152":0,"153":0,"154":0,"155":0,"156":0,"157":0},"f":{"0":0,"1":0,"2":0,"3":0,"4":0,"5":0,"6":0,"7":0,"8":0,"9":0,"10":0,"11":0,"12":0,"13":0,"14":0,"15":0,"16":0,"17":0,"18":0,"19":0,"20":0,"21":0,"22":0,"23":0,"24":0,"25":0,"26":0,"27":0,"28":0,"29":0,"30":0},"b":{"0":[0,0],"1":[0],"2":[0],"3":[0],"4":[0],"5":[0],"6":[0,0],"7":[0],"8":[0],"9":[0],"10":[0,0],"11":[0],"12":[0],"13":[0,0],"14":[0,0],"15":[0],"16":[0],"17":[0,0],"18":[0],"19":[0],"20":[0],"21":[0],"22":[0,0],"23":[0],"24":[0],"25":[0],"26":[0],"27":[0,0],"28":[0],"29":[0],"30":[0],"31":[0],"32":[0],"33":[0,0],"34":[0],"35":[0,0],"36":[0],"37":[0],"38":[0],"39":[0],"40":[0],"41":[0,0],"42":[0],"43":[0],"44":[0],"45":[0,0],"46":[0],"47":[0],"48":[0]}}
}
