TN:
SF:src/engines/OrderEngine/index.ts
FN:83,(anonymous_1)
FN:119,(anonymous_2)
FN:170,(anonymous_3)
FN:221,(anonymous_4)
FN:230,(anonymous_5)
FN:240,(anonymous_6)
FN:243,(anonymous_7)
FN:269,(anonymous_8)
FN:272,(anonymous_9)
FN:299,(anonymous_10)
FN:320,(anonymous_11)
FN:422,(anonymous_12)
FN:461,(anonymous_13)
FN:508,(anonymous_14)
FN:515,(anonymous_15)
FN:517,(anonymous_16)
FN:524,(anonymous_17)
FN:532,(anonymous_18)
FN:539,(anonymous_19)
FN:547,(anonymous_20)
FN:554,(anonymous_21)
FN:555,(anonymous_22)
FN:556,(anonymous_23)
FN:571,(anonymous_24)
FN:575,(anonymous_25)
FN:576,(anonymous_26)
FN:580,(anonymous_27)
FN:588,(anonymous_28)
FN:589,(anonymous_29)
FN:597,(anonymous_30)
FN:610,(anonymous_31)
FN:629,(anonymous_32)
FN:633,(anonymous_33)
FNF:33
FNH:26
FNDA:165,(anonymous_1)
FNDA:156,(anonymous_2)
FNDA:165,(anonymous_3)
FNDA:156,(anonymous_4)
FNDA:0,(anonymous_5)
FNDA:16,(anonymous_6)
FNDA:2,(anonymous_7)
FNDA:0,(anonymous_8)
FNDA:0,(anonymous_9)
FNDA:0,(anonymous_10)
FNDA:0,(anonymous_11)
FNDA:18,(anonymous_12)
FNDA:4,(anonymous_13)
FNDA:10,(anonymous_14)
FNDA:2,(anonymous_15)
FNDA:5,(anonymous_16)
FNDA:4,(anonymous_17)
FNDA:0,(anonymous_18)
FNDA:5,(anonymous_19)
FNDA:2,(anonymous_20)
FNDA:6,(anonymous_21)
FNDA:18,(anonymous_22)
FNDA:0,(anonymous_23)
FNDA:2,(anonymous_24)
FNDA:2,(anonymous_25)
FNDA:2,(anonymous_26)
FNDA:2,(anonymous_27)
FNDA:2,(anonymous_28)
FNDA:2,(anonymous_29)
FNDA:2,(anonymous_30)
FNDA:1,(anonymous_31)
FNDA:46,(anonymous_32)
FNDA:33,(anonymous_33)
DA:50,1
DA:51,1
DA:60,1
DA:63,1
DA:66,1
DA:69,1
DA:72,1
DA:83,1
DA:85,165
DA:86,1
DA:88,164
DA:89,0
DA:91,164
DA:92,1
DA:96,163
DA:97,1
DA:101,162
DA:102,3
DA:106,159
DA:107,2
DA:109,157
DA:110,1
DA:113,156
DA:119,1
DA:120,156
DA:122,156
DA:124,147
DA:125,147
DA:126,1
DA:133,9
DA:134,9
DA:135,9
DA:136,1
DA:143,154
DA:170,1
DA:171,165
DA:174,165
DA:175,165
DA:176,9
DA:177,9
DA:181,156
DA:192,156
DA:193,156
DA:194,2
DA:195,2
DA:196,2
DA:197,2
DA:198,2
DA:202,154
DA:205,154
DA:207,154
DA:209,154
DA:221,1
DA:223,156
DA:224,107
DA:227,49
DA:230,49
DA:231,0
DA:234,49
DA:240,1
DA:242,16
DA:243,2
DA:246,16
DA:247,1
DA:251,15
DA:252,15
DA:253,15
DA:254,15
DA:255,15
DA:269,1
DA:271,0
DA:272,0
DA:275,0
DA:276,0
DA:280,0
DA:281,0
DA:283,0
DA:284,0
DA:287,0
DA:299,1
DA:300,0
DA:302,0
DA:305,0
DA:320,1
DA:322,0
DA:323,0
DA:324,0
DA:328,0
DA:329,0
DA:330,0
DA:334,0
DA:337,0
DA:338,0
DA:340,0
DA:342,0
DA:344,0
DA:353,0
DA:356,0
DA:358,0
DA:359,0
DA:360,0
DA:361,0
DA:362,0
DA:364,0
DA:369,0
DA:370,0
DA:373,0
DA:376,0
DA:377,0
DA:379,0
DA:382,0
DA:383,0
DA:386,0
DA:390,0
DA:391,0
DA:393,0
DA:396,0
DA:397,0
DA:400,0
DA:403,0
DA:422,1
DA:423,18
DA:425,18
DA:426,2
DA:427,2
DA:430,16
DA:431,0
DA:432,0
DA:436,16
DA:437,16
DA:439,16
DA:442,16
DA:443,16
DA:446,16
DA:448,16
DA:461,1
DA:465,4
DA:467,4
DA:468,1
DA:469,1
DA:472,3
DA:473,0
DA:474,0
DA:478,3
DA:479,2
DA:480,1
DA:481,1
DA:483,1
DA:486,2
DA:487,1
DA:488,0
DA:489,0
DA:491,1
DA:494,2
DA:496,2
DA:508,1
DA:509,10
DA:515,1
DA:516,2
DA:517,5
DA:524,1
DA:526,4
DA:527,4
DA:528,3
DA:532,1
DA:533,1
DA:539,1
DA:540,5
DA:541,5
DA:547,1
DA:548,2
DA:554,1
DA:555,18
DA:556,6
DA:557,6
DA:571,1
DA:572,2
DA:575,2
DA:576,2
DA:579,2
DA:580,2
DA:581,2
DA:585,2
DA:588,2
DA:589,2
DA:591,2
DA:597,1
DA:598,2
DA:610,1
DA:611,1
DA:612,1
DA:629,1
DA:630,46
DA:633,46
DA:634,46
DA:637,46
DA:638,46
DA:639,46
DA:640,46
DA:642,46
DA:651,1
LF:201
LH:145
BRDA:85,0,0,1
BRDA:85,1,0,165
BRDA:85,1,1,164
BRDA:88,2,0,0
BRDA:88,3,0,164
BRDA:88,3,1,164
BRDA:91,4,0,1
BRDA:96,5,0,1
BRDA:96,6,0,163
BRDA:96,6,1,10
BRDA:101,7,0,3
BRDA:101,8,0,162
BRDA:101,8,1,161
BRDA:106,9,0,2
BRDA:106,10,0,159
BRDA:106,10,1,159
BRDA:109,11,0,1
BRDA:122,12,0,147
BRDA:122,12,1,9
BRDA:125,13,0,1
BRDA:134,14,0,9
BRDA:134,14,1,1
BRDA:134,15,0,1
BRDA:134,15,1,8
BRDA:134,16,0,9
BRDA:134,16,1,9
BRDA:135,17,0,1
BRDA:175,18,0,9
BRDA:193,19,0,2
BRDA:223,20,0,107
BRDA:243,21,0,2
BRDA:243,21,1,1
BRDA:246,22,0,1
BRDA:252,23,0,15
BRDA:272,24,0,0
BRDA:272,24,1,0
BRDA:275,25,0,0
BRDA:283,26,0,0
BRDA:300,27,0,0
BRDA:300,27,1,0
BRDA:322,28,0,0
BRDA:328,29,0,0
BRDA:356,30,0,0
BRDA:356,30,1,0
BRDA:356,31,0,0
BRDA:356,31,1,0
BRDA:365,32,0,0
BRDA:365,32,1,0
BRDA:365,33,0,0
BRDA:365,33,1,0
BRDA:365,34,0,0
BRDA:365,34,1,0
BRDA:365,35,0,0
BRDA:365,35,1,0
BRDA:377,36,0,0
BRDA:377,36,1,0
BRDA:391,37,0,0
BRDA:391,37,1,0
BRDA:425,38,0,2
BRDA:430,39,0,0
BRDA:467,40,0,1
BRDA:472,41,0,0
BRDA:478,42,0,2
BRDA:479,43,0,1
BRDA:479,44,0,2
BRDA:479,44,1,1
BRDA:486,45,0,1
BRDA:487,46,0,0
BRDA:487,47,0,1
BRDA:487,47,1,1
BRDA:527,48,0,3
BRDA:533,49,0,1
BRDA:533,49,1,1
BRDA:541,50,0,1
BRDA:541,50,1,4
BRDA:575,51,0,2
BRDA:575,51,1,0
BRDA:576,52,0,2
BRDA:576,52,1,0
BRF:79
BRH:49
end_of_record
TN:
SF:src/engines/PriceEngine/index.ts
FN:108,(anonymous_0)
FN:137,(anonymous_1)
FN:165,(anonymous_2)
FN:207,(anonymous_3)
FN:217,(anonymous_4)
FN:239,(anonymous_5)
FN:244,(anonymous_6)
FN:264,(anonymous_7)
FN:306,(anonymous_8)
FN:328,(anonymous_9)
FN:347,(anonymous_10)
FN:354,(anonymous_11)
FN:362,(anonymous_12)
FN:383,(anonymous_13)
FN:392,(anonymous_14)
FN:403,(anonymous_15)
FN:416,(anonymous_16)
FN:429,(anonymous_17)
FN:436,(anonymous_18)
FNF:19
FNH:19
FNDA:562,(anonymous_0)
FNDA:562,(anonymous_1)
FNDA:607,(anonymous_2)
FNDA:562,(anonymous_3)
FNDA:562,(anonymous_4)
FNDA:562,(anonymous_5)
FNDA:575,(anonymous_6)
FNDA:556,(anonymous_7)
FNDA:106,(anonymous_8)
FNDA:56,(anonymous_9)
FNDA:12,(anonymous_10)
FNDA:3,(anonymous_11)
FNDA:12,(anonymous_12)
FNDA:37,(anonymous_13)
FNDA:46,(anonymous_14)
FNDA:210,(anonymous_15)
FNDA:47,(anonymous_16)
FNDA:8,(anonymous_17)
FNDA:2,(anonymous_18)
DA:35,2
DA:38,2
DA:41,2
DA:44,2
DA:47,2
DA:50,2
DA:53,2
DA:80,2
DA:83,2
DA:86,2
DA:89,2
DA:92,2
DA:95,2
DA:98,2
DA:108,2
DA:109,562
DA:110,562
DA:111,562
DA:112,562
DA:113,562
DA:114,562
DA:137,2
DA:139,562
DA:140,562
DA:141,562
DA:144,562
DA:145,562
DA:148,562
DA:151,562
DA:154,562
DA:165,2
DA:170,607
DA:171,607
DA:172,607
DA:174,607
DA:175,607
DA:176,607
DA:178,607
DA:179,607
DA:182,607
DA:184,607
DA:207,2
DA:208,562
DA:217,2
DA:218,562
DA:219,37
DA:222,562
DA:223,562
DA:226,562
DA:227,10
DA:239,2
DA:240,562
DA:241,562
DA:244,562
DA:245,575
DA:246,575
DA:248,1
DA:264,2
DA:266,556
DA:267,562
DA:268,562
DA:271,562
DA:274,562
DA:277,562
DA:280,562
DA:281,562
DA:284,562
DA:306,2
DA:308,106
DA:309,45
DA:311,45
DA:316,45
DA:317,45
DA:318,45
DA:322,106
DA:323,93
DA:325,106
DA:328,106
DA:329,56
DA:330,56
DA:331,54
DA:333,54
DA:334,54
DA:347,2
DA:348,12
DA:354,2
DA:355,3
DA:362,2
DA:363,12
DA:364,12
DA:365,11
DA:367,1
DA:383,2
DA:384,37
DA:385,1
DA:386,1
DA:389,36
DA:392,36
DA:393,46
DA:396,36
DA:403,2
DA:404,210
DA:405,36
DA:406,36
DA:408,210
DA:409,210
DA:416,2
DA:417,47
DA:418,47
DA:419,47
DA:420,47
DA:421,47
DA:422,47
DA:423,47
DA:429,2
DA:435,8
DA:436,8
DA:437,2
DA:440,8
DA:452,2
LF:120
LH:120
BRDA:218,0,0,37
BRDA:226,1,0,10
BRDA:241,2,0,0
BRDA:241,3,0,562
BRDA:241,3,1,562
BRDA:250,4,0,1
BRDA:250,4,1,0
BRDA:268,5,0,0
BRDA:308,6,0,45
BRDA:309,7,0,45
BRDA:309,7,1,1
BRDA:322,8,0,93
BRDA:330,9,0,54
BRDA:333,10,0,54
BRDA:363,11,0,12
BRDA:363,11,1,3
BRDA:364,12,0,11
BRDA:364,13,0,12
BRDA:364,13,1,1
BRDA:384,14,0,1
BRDA:404,15,0,36
BRF:21
BRH:18
end_of_record
TN:
SF:src/engines/TradeEngine/index.ts
FN:57,(anonymous_0)
FN:64,(anonymous_1)
FN:71,(anonymous_2)
FN:78,(anonymous_3)
FN:123,(anonymous_4)
FN:210,(anonymous_5)
FN:218,(anonymous_6)
FN:226,(anonymous_7)
FN:235,(anonymous_8)
FN:272,(anonymous_9)
FNF:10
FNH:10
FNDA:178,(anonymous_0)
FNDA:6,(anonymous_1)
FNDA:72,(anonymous_2)
FNDA:5,(anonymous_3)
FNDA:70,(anonymous_4)
FNDA:3,(anonymous_5)
FNDA:2,(anonymous_6)
FNDA:1,(anonymous_7)
FNDA:92,(anonymous_8)
FNDA:5,(anonymous_9)
DA:30,2
DA:33,2
DA:34,2
DA:37,2
DA:38,2
DA:42,2
DA:49,2
DA:50,2
DA:51,2
DA:52,2
DA:57,2
DA:58,178
DA:64,2
DA:65,6
DA:71,2
DA:72,72
DA:78,2
DA:79,5
DA:80,5
DA:123,2
DA:125,70
DA:126,0
DA:133,70
DA:134,1
DA:135,1
DA:141,69
DA:143,69
DA:146,69
DA:148,69
DA:149,13
DA:156,56
DA:157,56
DA:162,56
DA:163,56
DA:164,46
DA:165,10
DA:166,10
DA:168,0
DA:175,0
DA:183,56
DA:184,56
DA:187,56
DA:190,56
DA:197,0
DA:203,69
DA:210,2
DA:211,3
DA:212,3
DA:218,2
DA:219,2
DA:220,2
DA:226,2
DA:227,1
DA:228,1
DA:229,1
DA:235,2
DA:236,92
DA:242,92
DA:243,92
DA:244,92
DA:272,2
DA:275,5
DA:283,2
LF:63
LH:59
BRDA:125,0,0,0
BRDA:133,1,0,1
BRDA:148,2,0,13
BRDA:151,3,0,13
BRDA:151,3,1,0
BRDA:163,4,0,46
BRDA:163,4,1,10
BRDA:165,5,0,10
BRDA:165,5,1,0
BRDA:178,6,0,0
BRDA:178,6,1,0
BRDA:199,7,0,0
BRDA:199,7,1,0
BRF:13
BRH:6
end_of_record
TN:
SF:src/engines/TradeEngine/commands/executeBuy.ts
FN:77,executeBuyTrade
FN:275,(anonymous_1)
FN:317,(anonymous_2)
FN:361,(anonymous_3)
FN:406,(anonymous_4)
FN:415,(anonymous_5)
FNF:6
FNH:1
FNDA:46,executeBuyTrade
FNDA:0,(anonymous_1)
FNDA:0,(anonymous_2)
FNDA:0,(anonymous_3)
FNDA:0,(anonymous_4)
FNDA:0,(anonymous_5)
DA:25,2
DA:77,2
DA:83,46
DA:85,46
DA:86,46
DA:87,46
DA:90,46
DA:93,46
DA:96,46
DA:97,46
DA:98,46
DA:101,46
DA:109,46
DA:116,46
DA:126,46
DA:139,46
DA:145,0
DA:159,0
DA:271,2
DA:276,0
DA:283,0
DA:290,0
DA:293,0
DA:294,0
DA:295,0
DA:299,0
DA:300,0
DA:301,0
DA:302,0
DA:306,0
DA:307,0
DA:308,0
DA:311,0
DA:318,0
DA:327,0
DA:334,0
DA:337,0
DA:338,0
DA:339,0
DA:343,0
DA:344,0
DA:345,0
DA:346,0
DA:350,0
DA:351,0
DA:352,0
DA:355,0
DA:362,0
DA:371,0
DA:378,0
DA:381,0
DA:382,0
DA:383,0
DA:387,0
DA:388,0
DA:389,0
DA:390,0
DA:394,0
DA:395,0
DA:396,0
DA:397,0
DA:400,0
DA:407,0
DA:409,0
DA:415,0
DA:417,0
DA:418,0
DA:420,0
DA:423,0
LF:69
LH:17
BRDA:97,0,0,46
BRDA:97,0,1,45
BRDA:97,1,0,45
BRDA:97,1,1,1
BRDA:97,2,0,46
BRDA:97,2,1,46
BRDA:98,3,0,1
BRDA:98,3,1,45
BRDA:130,4,0,46
BRDA:130,4,1,0
BRDA:149,5,0,0
BRDA:149,5,1,0
BRDA:156,6,0,0
BRDA:156,6,1,0
BRDA:162,7,0,0
BRDA:162,7,1,0
BRDA:293,8,0,0
BRDA:300,9,0,0
BRDA:300,10,0,0
BRDA:300,10,1,0
BRDA:300,10,2,0
BRDA:306,11,0,0
BRDA:306,12,0,0
BRDA:306,12,1,0
BRDA:337,13,0,0
BRDA:344,14,0,0
BRDA:344,15,0,0
BRDA:344,15,1,0
BRDA:350,16,0,0
BRDA:381,17,0,0
BRDA:381,18,0,0
BRDA:381,18,1,0
BRDA:388,19,0,0
BRDA:388,20,0,0
BRDA:388,20,1,0
BRDA:395,21,0,0
BRDA:395,22,0,0
BRDA:395,22,1,0
BRDA:417,23,0,0
BRDA:417,23,1,0
BRF:40
BRH:9
end_of_record
TN:
SF:src/engines/TradeEngine/commands/executeSell.ts
FN:91,executeSellTrade
FN:370,(anonymous_2)
FN:420,(anonymous_3)
FN:457,(anonymous_4)
FN:500,(anonymous_5)
FN:531,(anonymous_6)
FN:541,(anonymous_7)
FNF:7
FNH:1
FNDA:10,executeSellTrade
FNDA:0,(anonymous_2)
FNDA:0,(anonymous_3)
FNDA:0,(anonymous_4)
FNDA:0,(anonymous_5)
FNDA:0,(anonymous_6)
FNDA:0,(anonymous_7)
DA:31,2
DA:91,2
DA:97,10
DA:99,10
DA:100,10
DA:101,10
DA:104,10
DA:107,10
DA:110,10
DA:111,10
DA:112,0
DA:115,10
DA:116,10
DA:119,10
DA:126,10
DA:127,10
DA:130,10
DA:135,10
DA:137,3
DA:138,3
DA:141,7
DA:152,10
DA:160,10
DA:173,10
DA:179,0
DA:193,0
DA:366,2
DA:371,0
DA:380,0
DA:387,0
DA:390,0
DA:391,0
DA:392,0
DA:396,0
DA:397,0
DA:398,0
DA:399,0
DA:403,0
DA:404,0
DA:405,0
DA:409,0
DA:410,0
DA:411,0
DA:414,0
DA:421,0
DA:430,0
DA:437,0
DA:440,0
DA:441,0
DA:442,0
DA:446,0
DA:447,0
DA:448,0
DA:451,0
DA:458,0
DA:467,0
DA:474,0
DA:477,0
DA:478,0
DA:479,0
DA:483,0
DA:484,0
DA:485,0
DA:489,0
DA:490,0
DA:491,0
DA:494,0
DA:501,0
DA:510,0
DA:517,0
DA:520,0
DA:521,0
DA:522,0
DA:525,0
DA:532,0
DA:534,0
DA:541,0
DA:543,0
DA:544,0
DA:546,0
DA:549,0
LF:81
LH:24
BRDA:111,0,0,0
BRDA:135,1,0,3
BRDA:135,1,1,7
BRDA:137,2,0,0
BRDA:137,2,1,3
BRDA:164,3,0,10
BRDA:164,3,1,0
BRDA:183,4,0,0
BRDA:183,4,1,0
BRDA:190,5,0,0
BRDA:190,5,1,0
BRDA:196,6,0,0
BRDA:196,6,1,0
BRDA:390,7,0,0
BRDA:397,8,0,0
BRDA:397,9,0,0
BRDA:397,9,1,0
BRDA:403,10,0,0
BRDA:409,11,0,0
BRDA:440,12,0,0
BRDA:446,13,0,0
BRDA:477,14,0,0
BRDA:483,15,0,0
BRDA:489,16,0,0
BRDA:520,17,0,0
BRDA:543,18,0,0
BRDA:543,18,1,0
BRF:27
BRH:4
end_of_record
TN:
SF:src/engines/TradeEngine/utils/portfolioManager.ts
FN:77,calculatePortfolioMetrics
FN:195,calculatePositionMetrics
FN:235,validatePortfolio
FN:303,createPortfolioSnapshot
FN:328,(anonymous_4)
FN:374,(anonymous_5)
FN:408,(anonymous_6)
FN:444,(anonymous_7)
FN:485,(anonymous_8)
FN:522,(anonymous_9)
FN:533,(anonymous_10)
FNF:11
FNH:2
FNDA:30,calculatePortfolioMetrics
FNDA:3,calculatePositionMetrics
FNDA:0,validatePortfolio
FNDA:0,createPortfolioSnapshot
FNDA:0,(anonymous_4)
FNDA:0,(anonymous_5)
FNDA:0,(anonymous_6)
FNDA:0,(anonymous_7)
FNDA:0,(anonymous_8)
FNDA:0,(anonymous_9)
FNDA:0,(anonymous_10)
DA:23,3
DA:77,3
DA:81,30
DA:83,30
DA:84,30
DA:85,30
DA:88,30
DA:89,43
DA:90,43
DA:92,43
DA:94,3
DA:95,3
DA:96,3
DA:97,3
DA:101,40
DA:102,40
DA:103,40
DA:106,40
DA:107,40
DA:108,40
DA:111,40
DA:116,40
DA:120,30
DA:121,30
DA:124,30
DA:125,30
DA:126,30
DA:127,30
DA:129,30
DA:133,30
DA:137,30
DA:141,30
DA:155,0
DA:195,3
DA:199,3
DA:200,3
DA:202,3
DA:203,3
DA:205,3
DA:211,3
DA:215,3
DA:235,3
DA:239,0
DA:242,0
DA:243,0
DA:247,0
DA:248,0
DA:252,0
DA:253,0
DA:256,0
DA:257,0
DA:261,0
DA:262,0
DA:266,0
DA:267,0
DA:271,0
DA:272,0
DA:277,0
DA:278,0
DA:281,0
DA:303,3
DA:307,0
DA:308,0
DA:310,0
DA:324,3
DA:329,0
DA:338,0
DA:342,0
DA:345,0
DA:346,0
DA:347,0
DA:351,0
DA:352,0
DA:353,0
DA:357,0
DA:358,0
DA:359,0
DA:363,0
DA:364,0
DA:365,0
DA:368,0
DA:375,0
DA:384,0
DA:388,0
DA:391,0
DA:392,0
DA:393,0
DA:397,0
DA:398,0
DA:399,0
DA:402,0
DA:409,0
DA:419,0
DA:424,0
DA:427,0
DA:428,0
DA:429,0
DA:433,0
DA:434,0
DA:435,0
DA:438,0
DA:445,0
DA:451,0
DA:453,0
DA:456,0
DA:457,0
DA:458,0
DA:462,0
DA:463,0
DA:464,0
DA:468,0
DA:469,0
DA:470,0
DA:474,0
DA:475,0
DA:476,0
DA:479,0
DA:487,0
DA:496,0
DA:497,0
DA:498,0
DA:499,0
DA:503,0
DA:510,0
DA:511,0
DA:512,0
DA:513,0
DA:516,0
DA:523,0
DA:525,0
DA:533,0
DA:535,0
DA:536,0
DA:538,0
DA:541,0
LF:135
LH:43
BRDA:92,0,0,3
BRDA:92,1,0,43
BRDA:92,1,1,40
BRDA:129,2,0,27
BRDA:129,2,1,3
BRDA:133,3,0,27
BRDA:133,3,1,3
BRDA:137,4,0,30
BRDA:137,4,1,0
BRDA:211,5,0,3
BRDA:211,5,1,0
BRDA:242,6,0,0
BRDA:247,7,0,0
BRDA:256,8,0,0
BRDA:261,9,0,0
BRDA:266,10,0,0
BRDA:271,11,0,0
BRDA:277,12,0,0
BRDA:345,13,0,0
BRDA:351,14,0,0
BRDA:357,15,0,0
BRDA:363,16,0,0
BRDA:391,17,0,0
BRDA:397,18,0,0
BRDA:427,19,0,0
BRDA:433,20,0,0
BRDA:456,21,0,0
BRDA:462,22,0,0
BRDA:468,23,0,0
BRDA:474,24,0,0
BRDA:497,25,0,0
BRDA:511,26,0,0
BRDA:535,27,0,0
BRDA:535,27,1,0
BRF:34
BRH:9
end_of_record
TN:
SF:src/engines/TradeEngine/utils/tradeHistory.ts
FN:42,generateTradeId
FN:57,getRecentTrades
FN:63,(anonymous_2)
FN:70,getTradesBySymbol
FN:75,(anonymous_4)
FN:76,(anonymous_5)
FN:82,getTradesByType
FN:87,(anonymous_7)
FN:88,(anonymous_8)
FN:94,getTradesInRange
FN:100,(anonymous_10)
FN:101,(anonymous_11)
FN:107,getFailedTrades
FN:111,(anonymous_13)
FN:112,(anonymous_14)
FN:135,calculateTradeMetrics
FN:137,(anonymous_16)
FN:138,(anonymous_17)
FN:139,(anonymous_18)
FN:142,(anonymous_19)
FN:143,(anonymous_20)
FN:149,(anonymous_21)
FN:185,calculateSymbolSummaries
FN:222,(anonymous_23)
FN:227,(anonymous_24)
FN:234,(anonymous_25)
FN:239,(anonymous_26)
FN:246,(anonymous_27)
FN:260,isValidTrade
FN:283,exportTrades
FN:295,importTrades
FN:321,(anonymous_31)
FN:349,(anonymous_32)
FN:402,(anonymous_33)
FN:476,(anonymous_34)
FN:534,(anonymous_35)
FN:544,(anonymous_36)
FNF:37
FNH:1
FNDA:56,generateTradeId
FNDA:0,getRecentTrades
FNDA:0,(anonymous_2)
FNDA:0,getTradesBySymbol
FNDA:0,(anonymous_4)
FNDA:0,(anonymous_5)
FNDA:0,getTradesByType
FNDA:0,(anonymous_7)
FNDA:0,(anonymous_8)
FNDA:0,getTradesInRange
FNDA:0,(anonymous_10)
FNDA:0,(anonymous_11)
FNDA:0,getFailedTrades
FNDA:0,(anonymous_13)
FNDA:0,(anonymous_14)
FNDA:0,calculateTradeMetrics
FNDA:0,(anonymous_16)
FNDA:0,(anonymous_17)
FNDA:0,(anonymous_18)
FNDA:0,(anonymous_19)
FNDA:0,(anonymous_20)
FNDA:0,(anonymous_21)
FNDA:0,calculateSymbolSummaries
FNDA:0,(anonymous_23)
FNDA:0,(anonymous_24)
FNDA:0,(anonymous_25)
FNDA:0,(anonymous_26)
FNDA:0,(anonymous_27)
FNDA:0,isValidTrade
FNDA:0,exportTrades
FNDA:0,importTrades
FNDA:0,(anonymous_31)
FNDA:0,(anonymous_32)
FNDA:0,(anonymous_33)
FNDA:0,(anonymous_34)
FNDA:0,(anonymous_35)
FNDA:0,(anonymous_36)
DA:42,2
DA:43,56
DA:44,56
DA:45,56
DA:57,2
DA:61,0
DA:63,0
DA:70,2
DA:74,0
DA:75,0
DA:76,0
DA:82,2
DA:86,0
DA:87,0
DA:88,0
DA:94,2
DA:99,0
DA:100,0
DA:101,0
DA:107,2
DA:110,0
DA:111,0
DA:112,0
DA:135,2
DA:136,0
DA:137,0
DA:138,0
DA:139,0
DA:141,0
DA:142,0
DA:143,0
DA:145,0
DA:149,0
DA:150,0
DA:152,0
DA:185,2
DA:186,0
DA:188,0
DA:189,0
DA:191,0
DA:192,0
DA:205,0
DA:206,0
DA:208,0
DA:209,0
DA:210,0
DA:211,0
DA:213,0
DA:214,0
DA:215,0
DA:220,0
DA:221,0
DA:222,0
DA:223,0
DA:227,0
DA:228,0
DA:233,0
DA:234,0
DA:235,0
DA:239,0
DA:240,0
DA:246,0
DA:247,0
DA:260,2
DA:261,0
DA:283,2
DA:284,0
DA:295,2
DA:296,0
DA:297,0
DA:299,0
DA:300,0
DA:304,0
DA:306,0
DA:308,0
DA:317,2
DA:322,0
DA:325,0
DA:326,0
DA:329,0
DA:330,0
DA:331,0
DA:334,0
DA:338,0
DA:339,0
DA:340,0
DA:343,0
DA:350,0
DA:389,0
DA:391,0
DA:392,0
DA:393,0
DA:396,0
DA:403,0
DA:442,0
DA:444,0
DA:445,0
DA:446,0
DA:449,0
DA:450,0
DA:451,0
DA:454,0
DA:455,0
DA:456,0
DA:459,0
DA:460,0
DA:461,0
DA:465,0
DA:466,0
DA:467,0
DA:470,0
DA:477,0
DA:504,0
DA:506,0
DA:507,0
DA:508,0
DA:511,0
DA:513,0
DA:514,0
DA:515,0
DA:518,0
DA:519,0
DA:520,0
DA:523,0
DA:524,0
DA:525,0
DA:528,0
DA:535,0
DA:537,0
DA:544,0
DA:546,0
DA:547,0
DA:549,0
DA:552,0
LF:134
LH:15
BRDA:59,0,0,0
BRDA:100,1,0,0
BRDA:100,1,1,0
BRDA:137,2,0,0
BRDA:137,2,1,0
BRDA:138,3,0,0
BRDA:138,3,1,0
BRDA:145,4,0,0
BRDA:145,4,1,0
BRDA:189,5,0,0
BRDA:191,6,0,0
BRDA:208,7,0,0
BRDA:208,7,1,0
BRDA:221,8,0,0
BRDA:223,9,0,0
BRDA:223,9,1,0
BRDA:223,9,2,0
BRDA:228,10,0,0
BRDA:228,10,1,0
BRDA:233,11,0,0
BRDA:235,12,0,0
BRDA:235,12,1,0
BRDA:235,12,2,0
BRDA:240,13,0,0
BRDA:240,13,1,0
BRDA:262,14,0,0
BRDA:262,14,1,0
BRDA:262,14,2,0
BRDA:262,14,3,0
BRDA:262,14,4,0
BRDA:262,14,5,0
BRDA:262,14,6,0
BRDA:262,14,7,0
BRDA:262,14,8,0
BRDA:262,14,9,0
BRDA:262,14,10,0
BRDA:299,15,0,0
BRDA:299,16,0,0
BRDA:299,16,1,0
BRDA:308,17,0,0
BRDA:308,17,1,0
BRDA:329,18,0,0
BRDA:338,19,0,0
BRDA:391,20,0,0
BRDA:444,21,0,0
BRDA:449,22,0,0
BRDA:454,23,0,0
BRDA:459,24,0,0
BRDA:465,25,0,0
BRDA:506,26,0,0
BRDA:513,27,0,0
BRDA:518,28,0,0
BRDA:523,29,0,0
BRDA:546,30,0,0
BRDA:546,30,1,0
BRF:55
BRH:0
end_of_record
TN:
SF:src/engines/TradeEngine/validators/financialMath.ts
FN:47,dollarsToCents
FN:80,centsToDollars
FN:114,calculateTradeTotalCents
FN:166,calculateAverageCostCents
FN:236,calculateRealizedPLCents
FN:280,formatCentsAsDollars
FN:299,safeAdd
FN:322,safeSubtract
FN:344,isValidAmountCents
FN:361,isValidQuantity
FN:379,(anonymous_10)
FN:399,(anonymous_11)
FN:423,(anonymous_12)
FN:446,(anonymous_13)
FN:455,(anonymous_14)
FNF:15
FNH:9
FNDA:468,dollarsToCents
FNDA:327,centsToDollars
FNDA:104,calculateTradeTotalCents
FNDA:46,calculateAverageCostCents
FNDA:53,calculateRealizedPLCents
FNDA:0,formatCentsAsDollars
FNDA:176,safeAdd
FNDA:46,safeSubtract
FNDA:60,isValidAmountCents
FNDA:62,isValidQuantity
FNDA:0,(anonymous_10)
FNDA:0,(anonymous_11)
FNDA:0,(anonymous_12)
FNDA:0,(anonymous_13)
FNDA:0,(anonymous_14)
DA:47,3
DA:48,468
DA:49,0
DA:53,468
DA:56,468
DA:57,0
DA:60,468
DA:80,3
DA:81,327
DA:82,0
DA:85,327
DA:86,0
DA:89,327
DA:114,3
DA:115,104
DA:116,0
DA:119,104
DA:120,0
DA:123,104
DA:126,104
DA:127,0
DA:130,104
DA:166,3
DA:172,46
DA:173,0
DA:176,46
DA:177,0
DA:180,46
DA:181,0
DA:185,46
DA:186,45
DA:190,1
DA:191,1
DA:192,1
DA:195,1
DA:196,0
DA:200,1
DA:201,1
DA:204,1
DA:236,3
DA:241,53
DA:242,0
DA:245,53
DA:246,0
DA:249,53
DA:250,0
DA:254,53
DA:257,53
DA:260,53
DA:261,0
DA:264,53
DA:280,3
DA:281,0
DA:282,0
DA:285,0
DA:286,0
DA:287,0
DA:299,3
DA:300,176
DA:302,176
DA:303,0
DA:306,176
DA:307,0
DA:310,176
DA:322,3
DA:323,46
DA:325,46
DA:326,0
DA:329,46
DA:330,0
DA:333,46
DA:344,3
DA:345,60
DA:361,3
DA:362,62
DA:375,3
DA:380,0
DA:382,0
DA:383,0
DA:384,0
DA:387,0
DA:388,0
DA:389,0
DA:393,0
DA:401,0
DA:402,0
DA:403,0
DA:404,0
DA:406,0
DA:407,0
DA:410,0
DA:412,0
DA:413,0
DA:414,0
DA:417,0
DA:425,0
DA:426,0
DA:427,0
DA:429,0
DA:430,0
DA:433,0
DA:435,0
DA:436,0
DA:437,0
DA:440,0
DA:447,0
DA:449,0
DA:455,0
DA:457,0
DA:458,0
DA:460,0
DA:463,0
LF:112
LH:52
BRDA:48,0,0,0
BRDA:56,1,0,0
BRDA:81,2,0,0
BRDA:85,3,0,0
BRDA:115,4,0,0
BRDA:115,5,0,104
BRDA:115,5,1,104
BRDA:119,6,0,0
BRDA:119,7,0,104
BRDA:119,7,1,104
BRDA:126,8,0,0
BRDA:172,9,0,0
BRDA:172,10,0,46
BRDA:172,10,1,46
BRDA:176,11,0,0
BRDA:176,12,0,46
BRDA:176,12,1,46
BRDA:180,13,0,0
BRDA:180,14,0,46
BRDA:180,14,1,46
BRDA:185,15,0,45
BRDA:195,16,0,0
BRDA:241,17,0,0
BRDA:241,18,0,53
BRDA:241,18,1,53
BRDA:245,19,0,0
BRDA:249,20,0,0
BRDA:260,21,0,0
BRDA:281,22,0,0
BRDA:286,23,0,0
BRDA:286,23,1,0
BRDA:302,24,0,0
BRDA:306,25,0,0
BRDA:325,26,0,0
BRDA:329,27,0,0
BRDA:346,28,0,60
BRDA:346,28,1,60
BRDA:346,28,2,60
BRDA:346,28,3,60
BRDA:363,29,0,62
BRDA:363,29,1,62
BRDA:363,29,2,62
BRDA:363,29,3,62
BRDA:387,30,0,0
BRDA:412,31,0,0
BRDA:435,32,0,0
BRDA:457,33,0,0
BRDA:457,33,1,0
BRF:48
BRH:21
end_of_record
TN:
SF:src/engines/TradeEngine/validators/tradeValidation.ts
FN:43,validateSymbol
FN:93,validateQuantity
FN:142,validatePrice
FN:197,validateTradeType
FN:223,validateOrderType
FN:259,validateSufficientCash
FN:304,validateSufficientHoldings
FN:345,validateTradeRequest
FN:391,validateNotExecuting
FN:411,validateNotThrottled
FN:434,(anonymous_10)
FN:455,(anonymous_11)
FN:476,(anonymous_12)
FN:497,(anonymous_13)
FN:522,(anonymous_14)
FN:556,(anonymous_15)
FN:567,(anonymous_16)
FNF:17
FNH:8
FNDA:69,validateSymbol
FNDA:65,validateQuantity
FNDA:62,validatePrice
FNDA:66,validateTradeType
FNDA:65,validateOrderType
FNDA:48,validateSufficientCash
FNDA:12,validateSufficientHoldings
FNDA:69,validateTradeRequest
FNDA:0,validateNotExecuting
FNDA:0,validateNotThrottled
FNDA:0,(anonymous_10)
FNDA:0,(anonymous_11)
FNDA:0,(anonymous_12)
FNDA:0,(anonymous_13)
FNDA:0,(anonymous_14)
FNDA:0,(anonymous_15)
FNDA:0,(anonymous_16)
DA:20,2
DA:43,2
DA:44,69
DA:45,1
DA:51,68
DA:53,68
DA:54,0
DA:60,68
DA:61,0
DA:68,68
DA:69,2
DA:75,66
DA:93,2
DA:94,65
DA:95,0
DA:101,65
DA:102,1
DA:108,64
DA:109,2
DA:115,62
DA:116,0
DA:122,62
DA:142,2
DA:143,62
DA:144,0
DA:150,62
DA:151,2
DA:157,60
DA:158,0
DA:165,60
DA:166,60
DA:167,60
DA:168,0
DA:174,0
DA:180,60
DA:197,2
DA:198,66
DA:199,1
DA:205,65
DA:223,2
DA:225,65
DA:226,0
DA:229,65
DA:230,0
DA:236,65
DA:259,2
DA:264,48
DA:266,48
DA:267,48
DA:268,48
DA:270,48
DA:271,2
DA:272,2
DA:278,46
DA:280,0
DA:304,2
DA:309,12
DA:311,12
DA:312,1
DA:318,11
DA:319,1
DA:325,10
DA:345,2
DA:350,69
DA:351,69
DA:354,66
DA:355,66
DA:358,65
DA:359,65
DA:362,65
DA:363,65
DA:366,62
DA:367,62
DA:370,60
DA:371,48
DA:372,48
DA:373,12
DA:374,12
DA:375,12
DA:379,56
DA:391,2
DA:392,0
DA:393,0
DA:399,0
DA:411,2
DA:415,0
DA:417,0
DA:418,0
DA:419,0
DA:425,0
DA:433,2
DA:435,0
DA:436,0
DA:438,0
DA:439,0
DA:440,0
DA:441,0
DA:445,0
DA:446,0
DA:447,0
DA:448,0
DA:452,0
DA:456,0
DA:457,0
DA:459,0
DA:460,0
DA:461,0
DA:462,0
DA:466,0
DA:467,0
DA:468,0
DA:469,0
DA:473,0
DA:477,0
DA:478,0
DA:480,0
DA:481,0
DA:482,0
DA:483,0
DA:487,0
DA:488,0
DA:489,0
DA:490,0
DA:494,0
DA:498,0
DA:506,0
DA:507,0
DA:508,0
DA:509,0
DA:513,0
DA:514,0
DA:515,0
DA:516,0
DA:519,0
DA:523,0
DA:533,0
DA:534,0
DA:535,0
DA:536,0
DA:540,0
DA:541,0
DA:542,0
DA:543,0
DA:547,0
DA:548,0
DA:549,0
DA:550,0
DA:553,0
DA:557,0
DA:559,0
DA:567,0
DA:569,0
DA:570,0
DA:572,0
DA:575,0
LF:155
LH:72
BRDA:44,0,0,1
BRDA:44,1,0,69
BRDA:44,1,1,68
BRDA:53,2,0,0
BRDA:60,3,0,0
BRDA:68,4,0,2
BRDA:94,5,0,0
BRDA:101,6,0,1
BRDA:108,7,0,2
BRDA:115,8,0,0
BRDA:143,9,0,0
BRDA:150,10,0,2
BRDA:157,11,0,0
BRDA:167,12,0,0
BRDA:176,13,0,0
BRDA:176,13,1,0
BRDA:198,14,0,1
BRDA:198,15,0,66
BRDA:198,15,1,13
BRDA:225,16,0,0
BRDA:229,17,0,0
BRDA:229,18,0,65
BRDA:229,18,1,0
BRDA:270,19,0,2
BRDA:282,20,0,0
BRDA:282,20,1,0
BRDA:311,21,0,1
BRDA:318,22,0,1
BRDA:351,23,0,3
BRDA:355,24,0,1
BRDA:359,25,0,0
BRDA:363,26,0,3
BRDA:367,27,0,2
BRDA:370,28,0,48
BRDA:370,28,1,12
BRDA:372,29,0,2
BRDA:373,30,0,12
BRDA:375,31,0,2
BRDA:392,32,0,0
BRDA:417,33,0,0
BRDA:439,34,0,0
BRDA:446,35,0,0
BRDA:460,36,0,0
BRDA:467,37,0,0
BRDA:481,38,0,0
BRDA:488,39,0,0
BRDA:507,40,0,0
BRDA:514,41,0,0
BRDA:534,42,0,0
BRDA:541,43,0,0
BRDA:548,44,0,0
BRDA:569,45,0,0
BRDA:569,45,1,0
BRF:53
BRH:23
end_of_record
TN:
SF:src/hooks/usePersistence.ts
FN:61,(anonymous_8)
FN:62,(anonymous_9)
FN:80,(anonymous_10)
FN:85,(anonymous_11)
FN:86,(anonymous_12)
FN:86,(anonymous_13)
FN:182,(anonymous_14)
FN:192,(anonymous_15)
FN:192,(anonymous_16)
FN:251,(anonymous_17)
FN:260,(anonymous_18)
FN:268,(anonymous_19)
FN:279,(anonymous_20)
FN:282,(anonymous_21)
FN:306,(anonymous_22)
FN:314,(anonymous_23)
FN:315,(anonymous_24)
FN:342,(anonymous_25)
FN:349,(anonymous_26)
FN:368,(anonymous_27)
FN:375,(anonymous_28)
FN:415,(anonymous_29)
FN:416,(anonymous_30)
FN:420,(anonymous_31)
FN:424,(anonymous_32)
FNF:25
FNH:0
FNDA:0,(anonymous_8)
FNDA:0,(anonymous_9)
FNDA:0,(anonymous_10)
FNDA:0,(anonymous_11)
FNDA:0,(anonymous_12)
FNDA:0,(anonymous_13)
FNDA:0,(anonymous_14)
FNDA:0,(anonymous_15)
FNDA:0,(anonymous_16)
FNDA:0,(anonymous_17)
FNDA:0,(anonymous_18)
FNDA:0,(anonymous_19)
FNDA:0,(anonymous_20)
FNDA:0,(anonymous_21)
FNDA:0,(anonymous_22)
FNDA:0,(anonymous_23)
FNDA:0,(anonymous_24)
FNDA:0,(anonymous_25)
FNDA:0,(anonymous_26)
FNDA:0,(anonymous_27)
FNDA:0,(anonymous_28)
FNDA:0,(anonymous_29)
FNDA:0,(anonymous_30)
FNDA:0,(anonymous_31)
FNDA:0,(anonymous_32)
DA:33,0
DA:35,0
DA:36,0
DA:37,0
DA:38,0
DA:39,0
DA:57,0
DA:80,0
DA:81,0
DA:82,0
DA:83,0
DA:85,0
DA:86,0
DA:87,0
DA:88,0
DA:91,0
DA:92,0
DA:93,0
DA:94,0
DA:95,0
DA:99,0
DA:101,0
DA:102,0
DA:103,0
DA:104,0
DA:105,0
DA:106,0
DA:109,0
DA:112,0
DA:113,0
DA:114,0
DA:116,0
DA:117,0
DA:119,0
DA:121,0
DA:123,0
DA:128,0
DA:131,0
DA:132,0
DA:135,0
DA:136,0
DA:140,0
DA:141,0
DA:143,0
DA:145,0
DA:146,0
DA:152,0
DA:153,0
DA:157,0
DA:160,0
DA:182,0
DA:183,0
DA:184,0
DA:185,0
DA:186,0
DA:187,0
DA:192,0
DA:193,0
DA:194,0
DA:195,0
DA:198,0
DA:199,0
DA:200,0
DA:203,0
DA:204,0
DA:207,0
DA:222,0
DA:224,0
DA:225,0
DA:226,0
DA:227,0
DA:229,0
DA:230,0
DA:231,0
DA:234,0
DA:235,0
DA:241,0
DA:242,0
DA:244,0
DA:251,0
DA:252,0
DA:255,0
DA:256,0
DA:260,0
DA:261,0
DA:268,0
DA:269,0
DA:270,0
DA:271,0
DA:273,0
DA:279,0
DA:280,0
DA:282,0
DA:284,0
DA:285,0
DA:286,0
DA:288,0
DA:301,0
DA:304,0
DA:306,0
DA:307,0
DA:314,0
DA:315,0
DA:316,0
DA:317,0
DA:322,0
DA:342,0
DA:343,0
DA:344,0
DA:349,0
DA:350,0
DA:353,0
DA:354,0
DA:357,0
DA:360,0
DA:362,0
DA:368,0
DA:369,0
DA:375,0
DA:376,0
DA:378,0
DA:380,0
DA:383,0
DA:386,0
DA:415,0
DA:416,0
DA:417,0
DA:420,0
DA:421,0
DA:424,0
DA:425,0
DA:428,0
DA:437,0
LF:133
LH:0
BRDA:91,0,0,0
BRDA:101,1,0,0
BRDA:103,2,0,0
BRDA:103,2,1,0
BRDA:112,3,0,0
BRDA:116,4,0,0
BRDA:116,4,1,0
BRDA:182,5,0,0
BRDA:224,6,0,0
BRDA:224,6,1,0
BRDA:226,7,0,0
BRDA:226,7,1,0
BRDA:252,8,0,0
BRDA:255,9,0,0
BRDA:269,10,0,0
BRDA:280,11,0,0
BRDA:316,12,0,0
BRDA:378,13,0,0
BRF:18
BRH:0
end_of_record
TN:
SF:src/hooks/usePrice.ts
FN:54,(anonymous_1)
FN:61,(anonymous_2)
FN:74,(anonymous_3)
FN:97,(anonymous_4)
FN:109,(anonymous_5)
FN:112,(anonymous_6)
FNF:6
FNH:0
FNDA:0,(anonymous_1)
FNDA:0,(anonymous_2)
FNDA:0,(anonymous_3)
FNDA:0,(anonymous_4)
FNDA:0,(anonymous_5)
FNDA:0,(anonymous_6)
DA:23,0
DA:24,0
DA:54,0
DA:55,0
DA:56,0
DA:57,0
DA:60,0
DA:62,0
DA:63,0
DA:64,0
DA:65,0
DA:67,0
DA:68,0
DA:74,0
DA:76,0
DA:77,0
DA:80,0
DA:81,0
DA:82,0
DA:83,0
DA:87,0
DA:90,0
DA:91,0
DA:92,0
DA:93,0
DA:97,0
DA:98,0
DA:102,0
DA:109,0
DA:110,0
DA:112,0
DA:113,0
DA:114,0
DA:117,0
LF:34
LH:0
BRDA:67,0,0,0
BRDA:67,0,1,0
BRDA:80,1,0,0
BRDA:80,2,0,0
BRDA:80,2,1,0
BRDA:91,3,0,0
BRDA:114,4,0,0
BRDA:114,4,1,0
BRF:8
BRH:0
end_of_record
TN:
SF:src/utils/format.ts
FN:28,(anonymous_0)
FN:55,(anonymous_1)
FN:81,(anonymous_2)
FN:100,(anonymous_3)
FN:127,(anonymous_4)
FN:166,(anonymous_5)
FN:185,(anonymous_6)
FN:207,(anonymous_7)
FN:234,(anonymous_8)
FN:246,(anonymous_9)
FNF:10
FNH:0
FNDA:0,(anonymous_0)
FNDA:0,(anonymous_1)
FNDA:0,(anonymous_2)
FNDA:0,(anonymous_3)
FNDA:0,(anonymous_4)
FNDA:0,(anonymous_5)
FNDA:0,(anonymous_6)
FNDA:0,(anonymous_7)
FNDA:0,(anonymous_8)
FNDA:0,(anonymous_9)
DA:28,0
DA:29,0
DA:30,0
DA:32,0
DA:39,0
DA:55,0
DA:60,0
DA:61,0
DA:63,0
DA:64,0
DA:67,0
DA:81,0
DA:82,0
DA:100,0
DA:101,0
DA:102,0
DA:104,0
DA:105,0
DA:106,0
DA:107,0
DA:108,0
DA:109,0
DA:112,0
DA:127,0
DA:131,0
DA:133,0
DA:135,0
DA:141,0
DA:147,0
DA:166,0
DA:167,0
DA:169,0
DA:185,0
DA:186,0
DA:188,0
DA:207,0
DA:208,0
DA:209,0
DA:210,0
DA:211,0
DA:212,0
DA:213,0
DA:215,0
DA:216,0
DA:217,0
DA:218,0
DA:219,0
DA:220,0
DA:221,0
DA:222,0
DA:224,0
DA:234,0
DA:235,0
DA:236,0
DA:237,0
DA:246,0
DA:247,0
DA:248,0
DA:249,0
DA:252,0
LF:60
LH:0
BRDA:28,0,0,0
BRDA:39,1,0,0
BRDA:39,1,1,0
BRDA:57,2,0,0
BRDA:58,3,0,0
BRDA:63,4,0,0
BRDA:63,5,0,0
BRDA:63,5,1,0
BRDA:81,6,0,0
BRDA:100,7,0,0
BRDA:102,8,0,0
BRDA:102,8,1,0
BRDA:104,9,0,0
BRDA:104,9,1,0
BRDA:106,10,0,0
BRDA:106,10,1,0
BRDA:108,11,0,0
BRDA:129,12,0,0
BRDA:133,13,0,0
BRDA:133,13,1,0
BRDA:133,13,2,0
BRDA:166,14,0,0
BRDA:172,15,0,0
BRDA:172,15,1,0
BRDA:215,16,0,0
BRDA:215,16,1,0
BRDA:216,17,0,0
BRDA:216,17,1,0
BRDA:217,18,0,0
BRDA:217,18,1,0
BRDA:218,19,0,0
BRDA:218,19,1,0
BRDA:219,20,0,0
BRDA:219,20,1,0
BRDA:220,21,0,0
BRDA:220,21,1,0
BRDA:221,22,0,0
BRDA:221,22,1,0
BRDA:222,23,0,0
BRDA:222,23,1,0
BRDA:235,24,0,0
BRDA:236,25,0,0
BRDA:247,26,0,0
BRDA:248,27,0,0
BRF:44
BRH:0
end_of_record
TN:
SF:src/utils/performance.ts
FN:38,useRenderCount
FN:48,(anonymous_1)
FN:59,useRenderTime
FN:67,(anonymous_3)
FN:85,useWhyDidYouUpdate
FN:91,(anonymous_5)
FN:96,(anonymous_6)
FN:124,useSubscriptionTracking
FN:130,(anonymous_8)
FN:141,(anonymous_9)
FN:155,useMemoryTracking
FN:158,(anonymous_11)
FN:184,useLifecycleTracking
FN:197,(anonymous_13)
FN:213,(anonymous_14)
FN:234,createProfiler
FN:241,(anonymous_16)
FN:245,(anonymous_17)
FN:260,(anonymous_18)
FN:267,(anonymous_19)
FN:296,createBatchProfiler
FN:305,(anonymous_21)
FN:335,(anonymous_22)
FN:341,(anonymous_23)
FN:347,(anonymous_24)
FN:361,(anonymous_25)
FN:365,(anonymous_26)
FN:374,usePerformanceMonitor
FN:393,(anonymous_28)
FN:408,(anonymous_29)
FN:442,usePerformanceTracking
FNF:31
FNH:0
FNDA:0,useRenderCount
FNDA:0,(anonymous_1)
FNDA:0,useRenderTime
FNDA:0,(anonymous_3)
FNDA:0,useWhyDidYouUpdate
FNDA:0,(anonymous_5)
FNDA:0,(anonymous_6)
FNDA:0,useSubscriptionTracking
FNDA:0,(anonymous_8)
FNDA:0,(anonymous_9)
FNDA:0,useMemoryTracking
FNDA:0,(anonymous_11)
FNDA:0,useLifecycleTracking
FNDA:0,(anonymous_13)
FNDA:0,(anonymous_14)
FNDA:0,createProfiler
FNDA:0,(anonymous_16)
FNDA:0,(anonymous_17)
FNDA:0,(anonymous_18)
FNDA:0,(anonymous_19)
FNDA:0,createBatchProfiler
FNDA:0,(anonymous_21)
FNDA:0,(anonymous_22)
FNDA:0,(anonymous_23)
FNDA:0,(anonymous_24)
FNDA:0,(anonymous_25)
FNDA:0,(anonymous_26)
FNDA:0,usePerformanceMonitor
FNDA:0,(anonymous_28)
FNDA:0,(anonymous_29)
FNDA:0,usePerformanceTracking
DA:25,0
DA:32,0
DA:38,0
DA:39,0
DA:40,0
DA:42,0
DA:43,0
DA:45,0
DA:48,0
DA:49,0
DA:50,0
DA:59,0
DA:60,0
DA:61,0
DA:62,0
DA:64,0
DA:65,0
DA:67,0
DA:68,0
DA:69,0
DA:70,0
DA:71,0
DA:73,0
DA:74,0
DA:85,0
DA:89,0
DA:91,0
DA:92,0
DA:93,0
DA:94,0
DA:96,0
DA:97,0
DA:98,0
DA:105,0
DA:106,0
DA:107,0
DA:109,0
DA:115,0
DA:124,0
DA:128,0
DA:130,0
DA:131,0
DA:132,0
DA:135,0
DA:136,0
DA:141,0
DA:142,0
DA:143,0
DA:155,0
DA:156,0
DA:158,0
DA:159,0
DA:161,0
DA:163,0
DA:165,0
DA:166,0
DA:167,0
DA:171,0
DA:172,0
DA:184,0
DA:185,0
DA:186,0
DA:188,0
DA:189,0
DA:190,0
DA:191,0
DA:195,0
DA:197,0
DA:198,0
DA:199,0
DA:200,0
DA:201,0
DA:206,0
DA:207,0
DA:213,0
DA:214,0
DA:215,0
DA:234,0
DA:235,0
DA:236,0
DA:237,0
DA:238,0
DA:240,0
DA:242,0
DA:246,0
DA:247,0
DA:248,0
DA:249,0
DA:251,0
DA:252,0
DA:257,0
DA:261,0
DA:262,0
DA:263,0
DA:264,0
DA:268,0
DA:296,0
DA:302,0
DA:304,0
DA:306,0
DA:307,0
DA:309,0
DA:310,0
DA:311,0
DA:312,0
DA:313,0
DA:316,0
DA:317,0
DA:319,0
DA:326,0
DA:327,0
DA:332,0
DA:336,0
DA:337,0
DA:338,0
DA:341,0
DA:342,0
DA:344,0
DA:345,0
DA:346,0
DA:347,0
DA:358,0
DA:362,0
DA:366,0
DA:374,0
DA:386,0
DA:388,0
DA:389,0
DA:391,0
DA:393,0
DA:394,0
DA:395,0
DA:397,0
DA:400,0
DA:401,0
DA:407,0
DA:408,0
DA:409,0
DA:411,0
DA:415,0
DA:426,0
DA:442,0
DA:464,0
DA:466,0
DA:467,0
DA:470,0
DA:471,0
DA:474,0
DA:475,0
DA:478,0
DA:479,0
DA:482,0
DA:483,0
DA:486,0
DA:487,0
LF:155
LH:0
BRDA:42,0,0,0
BRDA:42,0,1,0
BRDA:49,1,0,0
BRDA:73,2,0,0
BRDA:92,3,0,0
BRDA:93,4,0,0
BRDA:97,5,0,0
BRDA:105,6,0,0
BRDA:105,6,1,0
BRDA:131,7,0,0
BRDA:135,8,0,0
BRDA:142,9,0,0
BRDA:142,10,0,0
BRDA:142,10,1,0
BRDA:159,11,0,0
BRDA:161,12,0,0
BRDA:165,13,0,0
BRDA:165,13,1,0
BRDA:173,14,0,0
BRDA:173,14,1,0
BRDA:188,15,0,0
BRDA:190,16,0,0
BRDA:198,17,0,0
BRDA:198,17,1,0
BRDA:200,18,0,0
BRDA:206,19,0,0
BRDA:214,20,0,0
BRDA:251,21,0,0
BRDA:271,22,0,0
BRDA:271,22,1,0
BRDA:305,23,0,0
BRDA:326,24,0,0
BRDA:336,25,0,0
BRDA:344,26,0,0
BRDA:353,27,0,0
BRDA:353,27,1,0
BRDA:376,28,0,0
BRDA:383,29,0,0
BRDA:384,30,0,0
BRDA:385,31,0,0
BRDA:400,32,0,0
BRDA:400,33,0,0
BRDA:400,33,1,0
BRDA:411,34,0,0
BRDA:412,35,0,0
BRDA:412,35,1,0
BRDA:458,36,0,0
BRDA:459,37,0,0
BRDA:460,38,0,0
BRDA:461,39,0,0
BRDA:462,40,0,0
BRDA:464,41,0,0
BRDA:464,41,1,0
BRDA:466,42,0,0
BRDA:470,43,0,0
BRDA:474,44,0,0
BRDA:474,45,0,0
BRDA:474,45,1,0
BRDA:478,46,0,0
BRDA:482,47,0,0
BRDA:486,48,0,0
BRF:61
BRH:0
end_of_record
